line profiling: sample.interval=20000
#File 1: D:/R/Git/virtualspecies/R/generateSpFromFun.R
#File 2: ./scripts/01ModifiedPatchyFunction.R
".Call" "<Anonymous>" "CRS" ".local" "raster" "standardGeneric" "raster" ".local" "raster" "standardGeneric" "raster" ".local" "raster" "standardGeneric" "raster" ".local" "calc" "standardGeneric" "calc" 1#164 "FUN" "lapply" "sapply" "standardGeneric" "stack" 1#162 "generateSpFromFun" 2#21 "generatePatchySpecies2" 
"exists" ".getMethodsTable" "as" "standardGeneric" "extent" "<Anonymous>" "validityMethod" "anyStrings" "validObject" "initialize" "standardGeneric" "initialize" "<Anonymous>" ".local" "raster" "standardGeneric" "raster" ".local" "raster" "standardGeneric" "raster" ".local" "raster" "standardGeneric" "raster" ".local" "calc" "standardGeneric" "calc" 1#164 "FUN" "lapply" "sapply" "standardGeneric" "stack" 1#162 "generateSpFromFun" 2#21 "generatePatchySpecies2" 
"exists" ".getMethodsTable" "as" "standardGeneric" "extent" "<Anonymous>" "validityMethod" "anyStrings" "validObject" "initialize" "standardGeneric" "initialize" "<Anonymous>" ".local" "raster" "standardGeneric" "raster" ".local" "raster" "standardGeneric" "raster" ".local" "raster" "standardGeneric" "raster" ".local" "calc" "standardGeneric" "calc" 1#164 "FUN" "lapply" "sapply" "standardGeneric" "stack" 1#162 "generateSpFromFun" 2#21 "generatePatchySpecies2" 
"exists" ".getMethodsTable" "as" "standardGeneric" "extent" "<Anonymous>" "validityMethod" "anyStrings" "validObject" "initialize" "standardGeneric" "initialize" "<Anonymous>" ".local" "raster" "standardGeneric" "raster" ".local" "raster" "standardGeneric" "raster" ".local" "raster" "standardGeneric" "raster" ".local" "calc" "standardGeneric" "calc" 1#164 "FUN" "lapply" "sapply" "standardGeneric" "stack" 1#162 "generateSpFromFun" 2#21 "generatePatchySpecies2" 
#File 3: D:/R/Git/virtualspecies/R/sp.env.functions.R
#File 4: ./scripts/initialisation.R
"dnorm" 3#126 "custnorm" 4#34 "<Anonymous>" "do.call" 1#166 "fun" ".local" "calc" "standardGeneric" "calc" 1#164 "FUN" "lapply" "sapply" "standardGeneric" "stack" 1#162 "generateSpFromFun" 2#21 "generatePatchySpecies2" 
"apply" ".overlayList" ".local" "<Anonymous>" "standardGeneric" "<Anonymous>" 1#191 "generateSpFromFun" 2#21 "generatePatchySpecies2" 
"apply" ".overlayList" ".local" "<Anonymous>" "standardGeneric" "<Anonymous>" 1#191 "generateSpFromFun" 2#21 "generatePatchySpecies2" 
"apply" ".overlayList" ".local" "<Anonymous>" "standardGeneric" "<Anonymous>" 1#191 "generateSpFromFun" 2#21 "generatePatchySpecies2" 
"apply" ".overlayList" ".local" "<Anonymous>" "standardGeneric" "<Anonymous>" 1#191 "generateSpFromFun" 2#21 "generatePatchySpecies2" 
"apply" ".overlayList" ".local" "<Anonymous>" "standardGeneric" "<Anonymous>" 1#191 "generateSpFromFun" 2#21 "generatePatchySpecies2" 
"apply" ".overlayList" ".local" "<Anonymous>" "standardGeneric" "<Anonymous>" 1#191 "generateSpFromFun" 2#21 "generatePatchySpecies2" 
#File 5: D:/R/Git/virtualspecies/R/convertToPA.R
"tryCatchOne" "tryCatchList" "tryCatch" "try" "<Anonymous>" ".local" "extent" "standardGeneric" "extent" "<Anonymous>" "validityMethod" "anyStrings" "validObject" "initialize" "standardGeneric" "initialize" "<Anonymous>" ".local" "raster" "standardGeneric" "raster" ".local" "raster" "standardGeneric" "raster" ".local" "raster" "standardGeneric" "raster" ".local" "calc" "standardGeneric" "calc" 5#490 "convertToPA" 2#30 "generatePatchySpecies2" 
"sample.int" "sample" 5#501 "FUN" 5#496 "lapply" "sapply" 5#496 "fun" ".local" "calc" "standardGeneric" "calc" 5#494 "convertToPA" 2#30 "generatePatchySpecies2" 
5#496 "lapply" "sapply" 5#496 "fun" ".local" "calc" "standardGeneric" "calc" 5#494 "convertToPA" 2#30 "generatePatchySpecies2" 
5#498 "FUN" 5#496 "lapply" "sapply" 5#496 "fun" ".local" "calc" "standardGeneric" "calc" 5#494 "convertToPA" 2#30 "generatePatchySpecies2" 
5#498 "FUN" 5#496 "lapply" "sapply" 5#496 "fun" ".local" "calc" "standardGeneric" "calc" 5#494 "convertToPA" 2#30 "generatePatchySpecies2" 
"length" "sample" 5#501 "FUN" 5#496 "lapply" "sapply" 5#496 "fun" ".local" "calc" "standardGeneric" "calc" 5#494 "convertToPA" 2#30 "generatePatchySpecies2" 
"sample.int" "sample" 5#501 "FUN" 5#496 "lapply" "sapply" 5#496 "fun" ".local" "calc" "standardGeneric" "calc" 5#494 "convertToPA" 2#30 "generatePatchySpecies2" 
"sample.int" "sample" 5#501 "FUN" 5#496 "lapply" "sapply" 5#496 "fun" ".local" "calc" "standardGeneric" "calc" 5#494 "convertToPA" 2#30 "generatePatchySpecies2" 
5#496 "lapply" "sapply" 5#496 "fun" ".local" "calc" "standardGeneric" "calc" 5#494 "convertToPA" 2#30 "generatePatchySpecies2" 
5#496 "lapply" "sapply" 5#496 "fun" ".local" "calc" "standardGeneric" "calc" 5#494 "convertToPA" 2#30 "generatePatchySpecies2" 
5#498 "FUN" 5#496 "lapply" "sapply" 5#496 "fun" ".local" "calc" "standardGeneric" "calc" 5#494 "convertToPA" 2#30 "generatePatchySpecies2" 
5#498 "FUN" 5#496 "lapply" "sapply" 5#496 "fun" ".local" "calc" "standardGeneric" "calc" 5#494 "convertToPA" 2#30 "generatePatchySpecies2" 
5#498 "FUN" 5#496 "lapply" "sapply" 5#496 "fun" ".local" "calc" "standardGeneric" "calc" 5#494 "convertToPA" 2#30 "generatePatchySpecies2" 
5#498 "FUN" 5#496 "lapply" "sapply" 5#496 "fun" ".local" "calc" "standardGeneric" "calc" 5#494 "convertToPA" 2#30 "generatePatchySpecies2" 
5#498 "FUN" 5#496 "lapply" "sapply" 5#496 "fun" ".local" "calc" "standardGeneric" "calc" 5#494 "convertToPA" 2#30 "generatePatchySpecies2" 
5#498 "FUN" 5#496 "lapply" "sapply" 5#496 "fun" ".local" "calc" "standardGeneric" "calc" 5#494 "convertToPA" 2#30 "generatePatchySpecies2" 
5#498 "FUN" 5#496 "lapply" "sapply" 5#496 "fun" ".local" "calc" "standardGeneric" "calc" 5#494 "convertToPA" 2#30 "generatePatchySpecies2" 
5#498 "FUN" 5#496 "lapply" "sapply" 5#496 "fun" ".local" "calc" "standardGeneric" "calc" 5#494 "convertToPA" 2#30 "generatePatchySpecies2" 
5#498 "FUN" 5#496 "lapply" "sapply" 5#496 "fun" ".local" "calc" "standardGeneric" "calc" 5#494 "convertToPA" 2#30 "generatePatchySpecies2" 
5#498 "FUN" 5#496 "lapply" "sapply" 5#496 "fun" ".local" "calc" "standardGeneric" "calc" 5#494 "convertToPA" 2#30 "generatePatchySpecies2" 
5#498 "FUN" 5#496 "lapply" "sapply" 5#496 "fun" ".local" "calc" "standardGeneric" "calc" 5#494 "convertToPA" 2#30 "generatePatchySpecies2" 
5#498 "FUN" 5#496 "lapply" "sapply" 5#496 "fun" ".local" "calc" "standardGeneric" "calc" 5#494 "convertToPA" 2#30 "generatePatchySpecies2" 
5#498 "FUN" 5#496 "lapply" "sapply" 5#496 "fun" ".local" "calc" "standardGeneric" "calc" 5#494 "convertToPA" 2#30 "generatePatchySpecies2" 
5#498 "FUN" 5#496 "lapply" "sapply" 5#496 "fun" ".local" "calc" "standardGeneric" "calc" 5#494 "convertToPA" 2#30 "generatePatchySpecies2" 
5#498 "FUN" 5#496 "lapply" "sapply" 5#496 "fun" ".local" "calc" "standardGeneric" "calc" 5#494 "convertToPA" 2#30 "generatePatchySpecies2" 
5#498 "FUN" 5#496 "lapply" "sapply" 5#496 "fun" ".local" "calc" "standardGeneric" "calc" 5#494 "convertToPA" 2#30 "generatePatchySpecies2" 
"sample.int" "sample" 5#501 "FUN" 5#496 "lapply" "sapply" 5#496 "fun" ".local" "calc" "standardGeneric" "calc" 5#494 "convertToPA" 2#30 "generatePatchySpecies2" 
5#496 "lapply" "sapply" 5#496 "fun" ".local" "calc" "standardGeneric" "calc" 5#494 "convertToPA" 2#30 "generatePatchySpecies2" 
"sample" 5#501 "FUN" 5#496 "lapply" "sapply" 5#496 "fun" ".local" "calc" "standardGeneric" "calc" 5#494 "convertToPA" 2#30 "generatePatchySpecies2" 
"sample.int" "sample" 5#501 "FUN" 5#496 "lapply" "sapply" 5#496 "fun" ".local" "calc" "standardGeneric" "calc" 5#494 "convertToPA" 2#30 "generatePatchySpecies2" 
5#496 "lapply" "sapply" 5#496 "fun" ".local" "calc" "standardGeneric" "calc" 5#494 "convertToPA" 2#30 "generatePatchySpecies2" 
5#496 "lapply" "sapply" 5#496 "fun" ".local" "calc" "standardGeneric" "calc" 5#494 "convertToPA" 2#30 "generatePatchySpecies2" 
"unlist" "simplify2array" "sapply" 5#496 "fun" ".local" "calc" "standardGeneric" "calc" 5#494 "convertToPA" 2#30 "generatePatchySpecies2" 
".local" "freq" "standardGeneric" "freq" 5#522 "convertToPA" 2#30 "generatePatchySpecies2" 
"unique.default" "unique" "factor" "table" ".local" "freq" "standardGeneric" "freq" 5#522 "convertToPA" 2#30 "generatePatchySpecies2" 
"as.character" "factor" "table" ".local" "freq" "standardGeneric" "freq" 5#522 "convertToPA" 2#30 "generatePatchySpecies2" 
"as.character" "factor" "table" ".local" "freq" "standardGeneric" "freq" 5#522 "convertToPA" 2#30 "generatePatchySpecies2" 
".local" "freq" "standardGeneric" "freq" 5#522 "convertToPA" 2#30 "generatePatchySpecies2" 
"unique.default" "unique" "factor" "table" ".local" "freq" "standardGeneric" "freq" 5#522 "convertToPA" 2#30 "generatePatchySpecies2" 
"as.character" "factor" "table" ".local" "freq" "standardGeneric" "freq" 5#522 "convertToPA" 2#30 "generatePatchySpecies2" 
"as.character" "factor" "table" ".local" "freq" "standardGeneric" "freq" 5#522 "convertToPA" 2#30 "generatePatchySpecies2" 
"max" ".local" "cellStats" "standardGeneric" "cellStats" 2#35 "generatePatchySpecies2" 
#File 6: ./scripts/functions/patch_generation_simplified.R
"is.na" "setValues" "standardGeneric" "setValues" "is.na" "is.na" "is.na" "[<-" 6#4 "generate.patches" 2#38 "generatePatchySpecies2" 
"match" "%in%" ".deparseOpts" "deparse" "eval" "match.arg" "sort.int" "sort.default" "sort" "unlist" "extent" "standardGeneric" "extent" ".local" "extent" "standardGeneric" "extent" "xmin" "standardGeneric" "xmin" "colFromX" ".local" "crop" "standardGeneric" "crop" ".local" "[<-" "[<-" 6#4 "generate.patches" 2#38 "generatePatchySpecies2" 
"min" "setMinMax" "standardGeneric" "setMinMax" ".replace" ".local" "[<-" "[<-" 6#4 "generate.patches" 2#38 "generatePatchySpecies2" 
"==" "eval" "eval" "<Anonymous>" "setValues" "standardGeneric" "setValues" "==" "==" "==" "standardGeneric" "Which" "sample" 6#14 "generate.patches" 2#38 "generatePatchySpecies2" 
6#61 "neighbors" "standardGeneric" "union" 6#71 "grow" 6#92 "expand" 6#28 "generate.patches" 2#38 "generatePatchySpecies2" 
"==" "which" 6#30 "generate.patches" 2#38 "generatePatchySpecies2" 
"==" "which" 6#30 "generate.patches" 2#38 "generatePatchySpecies2" 
"==" "which" 6#30 "generate.patches" 2#38 "generatePatchySpecies2" 
"==" "which" 6#30 "generate.patches" 2#38 "generatePatchySpecies2" 
"==" "which" 6#30 "generate.patches" 2#38 "generatePatchySpecies2" 
"is.na" 6#34 "generate.patches" 2#38 "generatePatchySpecies2" 
"standardGeneric" "as.matrix" ".uniqueNames" "validNames" "names" "names" "names" "lapply" "sapply" "standardGeneric" "stack" 1#162 "generateSpFromFun" 2#21 "generatePatchySpecies2" 
"eval" "eval" "match.arg" "sort.list" "factor" "table" "standardGeneric" "as.matrix" ".uniqueNames" "validNames" "names<-" "names<-" "names<-" ".local" "stack" "standardGeneric" "stack" 1#162 "generateSpFromFun" 2#21 "generatePatchySpecies2" 
"apply" ".overlayList" ".local" "<Anonymous>" "standardGeneric" "<Anonymous>" 1#191 "generateSpFromFun" 2#21 "generatePatchySpecies2" 
"apply" ".overlayList" ".local" "<Anonymous>" "standardGeneric" "<Anonymous>" 1#191 "generateSpFromFun" 2#21 "generatePatchySpecies2" 
"apply" ".overlayList" ".local" "<Anonymous>" "standardGeneric" "<Anonymous>" 1#191 "generateSpFromFun" 2#21 "generatePatchySpecies2" 
"apply" ".overlayList" ".local" "<Anonymous>" "standardGeneric" "<Anonymous>" 1#191 "generateSpFromFun" 2#21 "generatePatchySpecies2" 
"FUN" "apply" ".overlayList" ".local" "<Anonymous>" "standardGeneric" "<Anonymous>" 1#191 "generateSpFromFun" 2#21 "generatePatchySpecies2" 
"apply" ".overlayList" ".local" "<Anonymous>" "standardGeneric" "<Anonymous>" 1#191 "generateSpFromFun" 2#21 "generatePatchySpecies2" 
"apply" ".overlayList" ".local" "<Anonymous>" "standardGeneric" "<Anonymous>" 1#191 "generateSpFromFun" 2#21 "generatePatchySpecies2" 
"exp" 3#61 "logisticFun" 5#492 "fun" ".local" "calc" "standardGeneric" "calc" 5#490 "convertToPA" 2#30 "generatePatchySpecies2" 
5#496 "lapply" "sapply" 5#496 "fun" ".local" "calc" "standardGeneric" "calc" 5#494 "convertToPA" 2#30 "generatePatchySpecies2" 
5#496 "lapply" "sapply" 5#496 "fun" ".local" "calc" "standardGeneric" "calc" 5#494 "convertToPA" 2#30 "generatePatchySpecies2" 
5#496 "lapply" "sapply" 5#496 "fun" ".local" "calc" "standardGeneric" "calc" 5#494 "convertToPA" 2#30 "generatePatchySpecies2" 
"sample.int" "sample" 5#501 "FUN" 5#496 "lapply" "sapply" 5#496 "fun" ".local" "calc" "standardGeneric" "calc" 5#494 "convertToPA" 2#30 "generatePatchySpecies2" 
"c" "sample" 5#501 "FUN" 5#496 "lapply" "sapply" 5#496 "fun" ".local" "calc" "standardGeneric" "calc" 5#494 "convertToPA" 2#30 "generatePatchySpecies2" 
5#496 "lapply" "sapply" 5#496 "fun" ".local" "calc" "standardGeneric" "calc" 5#494 "convertToPA" 2#30 "generatePatchySpecies2" 
5#501 "FUN" 5#496 "lapply" "sapply" 5#496 "fun" ".local" "calc" "standardGeneric" "calc" 5#494 "convertToPA" 2#30 "generatePatchySpecies2" 
"sample" 5#501 "FUN" 5#496 "lapply" "sapply" 5#496 "fun" ".local" "calc" "standardGeneric" "calc" 5#494 "convertToPA" 2#30 "generatePatchySpecies2" 
5#498 "FUN" 5#496 "lapply" "sapply" 5#496 "fun" ".local" "calc" "standardGeneric" "calc" 5#494 "convertToPA" 2#30 "generatePatchySpecies2" 
"sample.int" "sample" 5#501 "FUN" 5#496 "lapply" "sapply" 5#496 "fun" ".local" "calc" "standardGeneric" "calc" 5#494 "convertToPA" 2#30 "generatePatchySpecies2" 
5#498 "FUN" 5#496 "lapply" "sapply" 5#496 "fun" ".local" "calc" "standardGeneric" "calc" 5#494 "convertToPA" 2#30 "generatePatchySpecies2" 
5#498 "FUN" 5#496 "lapply" "sapply" 5#496 "fun" ".local" "calc" "standardGeneric" "calc" 5#494 "convertToPA" 2#30 "generatePatchySpecies2" 
5#498 "FUN" 5#496 "lapply" "sapply" 5#496 "fun" ".local" "calc" "standardGeneric" "calc" 5#494 "convertToPA" 2#30 "generatePatchySpecies2" 
".local" "freq" "standardGeneric" "freq" 5#522 "convertToPA" 2#30 "generatePatchySpecies2" 
"unique.default" "unique" "factor" "table" ".local" "freq" "standardGeneric" "freq" 5#522 "convertToPA" 2#30 "generatePatchySpecies2" 
"as.character" "factor" "table" ".local" "freq" "standardGeneric" "freq" 5#522 "convertToPA" 2#30 "generatePatchySpecies2" 
"as.character" "factor" "table" ".local" "freq" "standardGeneric" "freq" 5#522 "convertToPA" 2#30 "generatePatchySpecies2" 
".local" "freq" "standardGeneric" "freq" 5#522 "convertToPA" 2#30 "generatePatchySpecies2" 
"unique.default" "unique" "factor" "table" ".local" "freq" "standardGeneric" "freq" 5#522 "convertToPA" 2#30 "generatePatchySpecies2" 
"as.character" "factor" "table" ".local" "freq" "standardGeneric" "freq" 5#522 "convertToPA" 2#30 "generatePatchySpecies2" 
"as.character" "factor" "table" ".local" "freq" "standardGeneric" "freq" 5#522 "convertToPA" 2#30 "generatePatchySpecies2" 
"max" ".local" "cellStats" "standardGeneric" "cellStats" 2#35 "generatePatchySpecies2" 
"standardGeneric" "trim" "toupper" "substr" "dataType<-" "is.na" "is.na" "is.na" "[<-" 6#4 "generate.patches" 2#38 "generatePatchySpecies2" 
"is.list" ".getClassFromCache" "getClass" "checkAtAssignment" "setExtent" ".local" "crop" "standardGeneric" "crop" ".local" "[<-" "[<-" 6#4 "generate.patches" 2#38 "generatePatchySpecies2" 
"min" "setMinMax" "standardGeneric" "setMinMax" ".replace" ".local" "[<-" "[<-" 6#4 "generate.patches" 2#38 "generatePatchySpecies2" 
"==" "eval" "eval" "<Anonymous>" "setValues" "standardGeneric" "setValues" "==" "==" "==" "standardGeneric" "Which" "sample" 6#14 "generate.patches" 2#38 "generatePatchySpecies2" 
"matrix" 6#100 "expand" 6#28 "generate.patches" 2#38 "generatePatchySpecies2" 
"==" "which" 6#30 "generate.patches" 2#38 "generatePatchySpecies2" 
"==" "which" 6#30 "generate.patches" 2#38 "generatePatchySpecies2" 
"==" "which" 6#30 "generate.patches" 2#38 "generatePatchySpecies2" 
"==" "which" 6#30 "generate.patches" 2#38 "generatePatchySpecies2" 
"unique" "setdiff" 6#62 "neighbors" "standardGeneric" "union" 6#71 "grow" 6#92 "expand" 6#28 "generate.patches" 2#38 "generatePatchySpecies2" 
"setValues" "standardGeneric" "setValues" 6#37 "generate.patches" 2#38 "generatePatchySpecies2" 
"order" "compareCRS" "doTryCatch" "tryCatchOne" "tryCatchList" "tryCatch" "try" "compareRaster" "addLayer" "standardGeneric" "addLayer" 2#47 "generatePatchySpecies2" 
"@<-" "extent" "standardGeneric" "extent" ".local" "extent" "standardGeneric" "extent" "<Anonymous>" "validityMethod" "anyStrings" "validObject" "initialize" "standardGeneric" "initialize" "<Anonymous>" ".local" "raster" "standardGeneric" "raster" ".local" "raster" "standardGeneric" "raster" ".local" "raster" "standardGeneric" "raster" ".local" "calc" "standardGeneric" "calc" 1#164 "FUN" "lapply" "sapply" "standardGeneric" "stack" 1#162 "generateSpFromFun" 2#21 "generatePatchySpecies2" 
"%in%" "[.data.frame" "[" "merge.data.frame" "merge" "merge.default" "merge" "standardGeneric" "merge" ".readCells" ".cellValues" "extract" "standardGeneric" "extract" ".overlayList" ".local" "<Anonymous>" "standardGeneric" "<Anonymous>" 1#191 "generateSpFromFun" 2#21 "generatePatchySpecies2" 
"apply" ".overlayList" ".local" "<Anonymous>" "standardGeneric" "<Anonymous>" 1#191 "generateSpFromFun" 2#21 "generatePatchySpecies2" 
"apply" ".overlayList" ".local" "<Anonymous>" "standardGeneric" "<Anonymous>" 1#191 "generateSpFromFun" 2#21 "generatePatchySpecies2" 
"apply" ".overlayList" ".local" "<Anonymous>" "standardGeneric" "<Anonymous>" 1#191 "generateSpFromFun" 2#21 "generatePatchySpecies2" 
"apply" ".overlayList" ".local" "<Anonymous>" "standardGeneric" "<Anonymous>" 1#191 "generateSpFromFun" 2#21 "generatePatchySpecies2" 
"FUN" "apply" ".overlayList" ".local" "<Anonymous>" "standardGeneric" "<Anonymous>" 1#191 "generateSpFromFun" 2#21 "generatePatchySpecies2" 
"apply" ".overlayList" ".local" "<Anonymous>" "standardGeneric" "<Anonymous>" 1#191 "generateSpFromFun" 2#21 "generatePatchySpecies2" 
"grep" "CRS" ".local" "raster" "standardGeneric" "raster" ".local" "raster" "standardGeneric" "raster" ".local" "raster" "standardGeneric" "raster" ".local" "calc" "standardGeneric" "calc" 5#490 "convertToPA" 2#30 "generatePatchySpecies2" 
"sample.int" "sample" 5#501 "FUN" 5#496 "lapply" "sapply" 5#496 "fun" ".local" "calc" "standardGeneric" "calc" 5#494 "convertToPA" 2#30 "generatePatchySpecies2" 
5#498 "FUN" 5#496 "lapply" "sapply" 5#496 "fun" ".local" "calc" "standardGeneric" "calc" 5#494 "convertToPA" 2#30 "generatePatchySpecies2" 
"sample" 5#501 "FUN" 5#496 "lapply" "sapply" 5#496 "fun" ".local" "calc" "standardGeneric" "calc" 5#494 "convertToPA" 2#30 "generatePatchySpecies2" 
5#498 "FUN" 5#496 "lapply" "sapply" 5#496 "fun" ".local" "calc" "standardGeneric" "calc" 5#494 "convertToPA" 2#30 "generatePatchySpecies2" 
"sample.int" "sample" 5#501 "FUN" 5#496 "lapply" "sapply" 5#496 "fun" ".local" "calc" "standardGeneric" "calc" 5#494 "convertToPA" 2#30 "generatePatchySpecies2" 
5#496 "lapply" "sapply" 5#496 "fun" ".local" "calc" "standardGeneric" "calc" 5#494 "convertToPA" 2#30 "generatePatchySpecies2" 
"sample.int" "sample" 5#501 "FUN" 5#496 "lapply" "sapply" 5#496 "fun" ".local" "calc" "standardGeneric" "calc" 5#494 "convertToPA" 2#30 "generatePatchySpecies2" 
"c" "sample.int" "sample" 5#501 "FUN" 5#496 "lapply" "sapply" 5#496 "fun" ".local" "calc" "standardGeneric" "calc" 5#494 "convertToPA" 2#30 "generatePatchySpecies2" 
"sample.int" "sample" 5#501 "FUN" 5#496 "lapply" "sapply" 5#496 "fun" ".local" "calc" "standardGeneric" "calc" 5#494 "convertToPA" 2#30 "generatePatchySpecies2" 
"sample.int" "sample" 5#501 "FUN" 5#496 "lapply" "sapply" 5#496 "fun" ".local" "calc" "standardGeneric" "calc" 5#494 "convertToPA" 2#30 "generatePatchySpecies2" 
"sample.int" "sample" 5#501 "FUN" 5#496 "lapply" "sapply" 5#496 "fun" ".local" "calc" "standardGeneric" "calc" 5#494 "convertToPA" 2#30 "generatePatchySpecies2" 
5#496 "lapply" "sapply" 5#496 "fun" ".local" "calc" "standardGeneric" "calc" 5#494 "convertToPA" 2#30 "generatePatchySpecies2" 
5#496 "lapply" "sapply" 5#496 "fun" ".local" "calc" "standardGeneric" "calc" 5#494 "convertToPA" 2#30 "generatePatchySpecies2" 
"lengths" "unique" "simplify2array" "sapply" 5#496 "fun" ".local" "calc" "standardGeneric" "calc" 5#494 "convertToPA" 2#30 "generatePatchySpecies2" 
".local" "freq" "standardGeneric" "freq" 5#522 "convertToPA" 2#30 "generatePatchySpecies2" 
"unique.default" "unique" "factor" "table" ".local" "freq" "standardGeneric" "freq" 5#522 "convertToPA" 2#30 "generatePatchySpecies2" 
"as.character" "factor" "table" ".local" "freq" "standardGeneric" "freq" 5#522 "convertToPA" 2#30 "generatePatchySpecies2" 
"as.character" "factor" "table" ".local" "freq" "standardGeneric" "freq" 5#522 "convertToPA" 2#30 "generatePatchySpecies2" 
".local" "freq" "standardGeneric" "freq" 5#522 "convertToPA" 2#30 "generatePatchySpecies2" 
"unique.default" "unique" "factor" "table" ".local" "freq" "standardGeneric" "freq" 5#522 "convertToPA" 2#30 "generatePatchySpecies2" 
"as.character" "factor" "table" ".local" "freq" "standardGeneric" "freq" 5#522 "convertToPA" 2#30 "generatePatchySpecies2" 
"as.character" "factor" "table" ".local" "freq" "standardGeneric" "freq" 5#522 "convertToPA" 2#30 "generatePatchySpecies2" 
"max" ".local" "cellStats" "standardGeneric" "cellStats" 2#35 "generatePatchySpecies2" 
"is.na" "setValues" "standardGeneric" "setValues" "is.na" "is.na" "is.na" "[<-" 6#4 "generate.patches" 2#38 "generatePatchySpecies2" 
"c" "pmatch" ".deparseOpts" "deparse" "eval" "match.arg" "sort.int" "sort.default" "sort" "unlist" "extent" "standardGeneric" "extent" ".local" "extent" "standardGeneric" "extent" "xmin" "standardGeneric" "xmin" "colFromX" ".local" "crop" "standardGeneric" "crop" ".local" "[<-" "[<-" 6#4 "generate.patches" 2#38 "generatePatchySpecies2" 
"min" "setMinMax" "standardGeneric" "setMinMax" ".replace" ".local" "[<-" "[<-" 6#4 "generate.patches" 2#38 "generatePatchySpecies2" 
"==" "eval" "eval" "<Anonymous>" "setValues" "standardGeneric" "setValues" "==" "==" "==" "standardGeneric" "Which" "sample" 6#14 "generate.patches" 2#38 "generatePatchySpecies2" 
"<=" 6#58 "neighbors" "standardGeneric" "union" 6#71 "grow" 6#92 "expand" 6#28 "generate.patches" 2#38 "generatePatchySpecies2" 
"==" "which" 6#30 "generate.patches" 2#38 "generatePatchySpecies2" 
"==" "which" 6#30 "generate.patches" 2#38 "generatePatchySpecies2" 
"==" "which" 6#30 "generate.patches" 2#38 "generatePatchySpecies2" 
"==" "which" 6#30 "generate.patches" 2#38 "generatePatchySpecies2" 
"standardGeneric" "union" 6#71 "grow" 6#92 "expand" 6#28 "generate.patches" 2#38 "generatePatchySpecies2" 
"is.na" 6#34 "generate.patches" 2#38 "generatePatchySpecies2" 
".getClassFromCache" "getClassDef" "<Anonymous>" "projection" "compareRaster" "addLayer" "standardGeneric" "addLayer" 2#47 "generatePatchySpecies2" 
"dnorm" 3#126 "custnorm" 4#34 "<Anonymous>" "do.call" 1#166 "fun" ".local" "calc" "standardGeneric" "calc" 1#164 "FUN" "lapply" "sapply" "standardGeneric" "stack" 1#162 "generateSpFromFun" 2#21 "generatePatchySpecies2" 
"asMethod" "as" "standardGeneric" "extent" "<Anonymous>" "validityMethod" "anyStrings" "validObject" "initialize" "standardGeneric" "initialize" "<Anonymous>" ".local" "raster" "standardGeneric" "raster" ".local" "raster" "standardGeneric" "raster" ".local" "raster" "standardGeneric" "raster" ".overlayList" ".local" "<Anonymous>" "standardGeneric" "<Anonymous>" 1#191 "generateSpFromFun" 2#21 "generatePatchySpecies2" 
"FUN" "apply" ".overlayList" ".local" "<Anonymous>" "standardGeneric" "<Anonymous>" 1#191 "generateSpFromFun" 2#21 "generatePatchySpecies2" 
"apply" ".overlayList" ".local" "<Anonymous>" "standardGeneric" "<Anonymous>" 1#191 "generateSpFromFun" 2#21 "generatePatchySpecies2" 
"apply" ".overlayList" ".local" "<Anonymous>" "standardGeneric" "<Anonymous>" 1#191 "generateSpFromFun" 2#21 "generatePatchySpecies2" 
"apply" ".overlayList" ".local" "<Anonymous>" "standardGeneric" "<Anonymous>" 1#191 "generateSpFromFun" 2#21 "generatePatchySpecies2" 
"apply" ".overlayList" ".local" "<Anonymous>" "standardGeneric" "<Anonymous>" 1#191 "generateSpFromFun" 2#21 "generatePatchySpecies2" 
"apply" ".overlayList" ".local" "<Anonymous>" "standardGeneric" "<Anonymous>" 1#191 "generateSpFromFun" 2#21 "generatePatchySpecies2" 
"unlist" "apply" ".overlayList" ".local" "<Anonymous>" "standardGeneric" "<Anonymous>" 1#191 "generateSpFromFun" 2#21 "generatePatchySpecies2" 
"doTryCatch" "tryCatchOne" "tryCatchList" "tryCatch" "try" "<Anonymous>" "validityMethod" "anyStrings" "validObject" "initialize" "standardGeneric" "initialize" "<Anonymous>" ".local" "raster" "standardGeneric" "raster" ".local" "raster" "standardGeneric" "raster" ".local" "raster" "standardGeneric" "raster" ".local" "calc" "standardGeneric" "calc" 5#494 "convertToPA" 2#30 "generatePatchySpecies2" 
"sample.int" "sample" 5#501 "FUN" 5#496 "lapply" "sapply" 5#496 "fun" ".local" "calc" "standardGeneric" "calc" 5#494 "convertToPA" 2#30 "generatePatchySpecies2" 
5#496 "lapply" "sapply" 5#496 "fun" ".local" "calc" "standardGeneric" "calc" 5#494 "convertToPA" 2#30 "generatePatchySpecies2" 
5#496 "FUN" 5#496 "lapply" "sapply" 5#496 "fun" ".local" "calc" "standardGeneric" "calc" 5#494 "convertToPA" 2#30 "generatePatchySpecies2" 
"c" "sample.int" "sample" 5#501 "FUN" 5#496 "lapply" "sapply" 5#496 "fun" ".local" "calc" "standardGeneric" "calc" 5#494 "convertToPA" 2#30 "generatePatchySpecies2" 
"sample" 5#501 "FUN" 5#496 "lapply" "sapply" 5#496 "fun" ".local" "calc" "standardGeneric" "calc" 5#494 "convertToPA" 2#30 "generatePatchySpecies2" 
"sample" 5#501 "FUN" 5#496 "lapply" "sapply" 5#496 "fun" ".local" "calc" "standardGeneric" "calc" 5#494 "convertToPA" 2#30 "generatePatchySpecies2" 
"sample" 5#501 "FUN" 5#496 "lapply" "sapply" 5#496 "fun" ".local" "calc" "standardGeneric" "calc" 5#494 "convertToPA" 2#30 "generatePatchySpecies2" 
5#496 "lapply" "sapply" 5#496 "fun" ".local" "calc" "standardGeneric" "calc" 5#494 "convertToPA" 2#30 "generatePatchySpecies2" 
"sample" 5#501 "FUN" 5#496 "lapply" "sapply" 5#496 "fun" ".local" "calc" "standardGeneric" "calc" 5#494 "convertToPA" 2#30 "generatePatchySpecies2" 
"sample" 5#501 "FUN" 5#496 "lapply" "sapply" 5#496 "fun" ".local" "calc" "standardGeneric" "calc" 5#494 "convertToPA" 2#30 "generatePatchySpecies2" 
5#496 "lapply" "sapply" 5#496 "fun" ".local" "calc" "standardGeneric" "calc" 5#494 "convertToPA" 2#30 "generatePatchySpecies2" 
5#496 "lapply" "sapply" 5#496 "fun" ".local" "calc" "standardGeneric" "calc" 5#494 "convertToPA" 2#30 "generatePatchySpecies2" 
5#496 "lapply" "sapply" 5#496 "fun" ".local" "calc" "standardGeneric" "calc" 5#494 "convertToPA" 2#30 "generatePatchySpecies2" 
"lengths" "unique" "simplify2array" "sapply" 5#496 "fun" ".local" "calc" "standardGeneric" "calc" 5#494 "convertToPA" 2#30 "generatePatchySpecies2" 
".local" "freq" "standardGeneric" "freq" 5#522 "convertToPA" 2#30 "generatePatchySpecies2" 
"unique.default" "unique" "factor" "table" ".local" "freq" "standardGeneric" "freq" 5#522 "convertToPA" 2#30 "generatePatchySpecies2" 
"unique.default" "unique" "factor" "table" ".local" "freq" "standardGeneric" "freq" 5#522 "convertToPA" 2#30 "generatePatchySpecies2" 
"as.character" "factor" "table" ".local" "freq" "standardGeneric" "freq" 5#522 "convertToPA" 2#30 "generatePatchySpecies2" 
"as.character" "factor" "table" ".local" "freq" "standardGeneric" "freq" 5#522 "convertToPA" 2#30 "generatePatchySpecies2" 
"unique.default" "unique" "factor" "table" ".local" "freq" "standardGeneric" "freq" 5#522 "convertToPA" 2#30 "generatePatchySpecies2" 
"unique.default" "unique" "factor" "table" ".local" "freq" "standardGeneric" "freq" 5#522 "convertToPA" 2#30 "generatePatchySpecies2" 
"as.character" "factor" "table" ".local" "freq" "standardGeneric" "freq" 5#522 "convertToPA" 2#30 "generatePatchySpecies2" 
"match" "factor" "table" ".local" "freq" "standardGeneric" "freq" 5#522 "convertToPA" 2#30 "generatePatchySpecies2" 
"==" "eval" "eval" "<Anonymous>" "setValues" "standardGeneric" "setValues" "==" "==" "==" "standardGeneric" "Which" 2#35 "generatePatchySpecies2" 
"CRS" ".local" "raster" "standardGeneric" "raster" ".local" "raster" "standardGeneric" "raster" ".local" "raster" "standardGeneric" "raster" ".copyWithProperties" ".local" "crop" "standardGeneric" "crop" ".local" "[<-" "[<-" 2#43 "generatePatchySpecies2" 
"c" "match.arg" "sort.int" "sort.default" "sort" "standardGeneric" "extent" ".local" "extent" "standardGeneric" "extent" "setExtent" ".local" "crop" "standardGeneric" "crop" ".local" "[<-" "[<-" 2#43 "generatePatchySpecies2" 
"min" "setMinMax" "standardGeneric" "setMinMax" ".replace" ".local" "[<-" "[<-" 2#43 "generatePatchySpecies2" 
"levels" "table" "standardGeneric" "as.matrix" ".uniqueNames" "validNames" "FUN" "FUN" "FUN" "lapply" "sapply" "addLayer" "standardGeneric" "addLayer" 2#47 "generatePatchySpecies2" 
"dnorm" 3#126 "custnorm" 4#34 "<Anonymous>" "do.call" 1#166 "fun" ".local" "calc" "standardGeneric" "calc" 1#164 "FUN" "lapply" "sapply" "standardGeneric" "stack" 1#162 "generateSpFromFun" 2#21 "generatePatchySpecies2" 
".overlayList" ".local" "<Anonymous>" "standardGeneric" "<Anonymous>" 1#191 "generateSpFromFun" 2#21 "generatePatchySpecies2" 
"FUN" "apply" ".overlayList" ".local" "<Anonymous>" "standardGeneric" "<Anonymous>" 1#191 "generateSpFromFun" 2#21 "generatePatchySpecies2" 
"FUN" "apply" ".overlayList" ".local" "<Anonymous>" "standardGeneric" "<Anonymous>" 1#191 "generateSpFromFun" 2#21 "generatePatchySpecies2" 
"apply" ".overlayList" ".local" "<Anonymous>" "standardGeneric" "<Anonymous>" 1#191 "generateSpFromFun" 2#21 "generatePatchySpecies2" 
"apply" ".overlayList" ".local" "<Anonymous>" "standardGeneric" "<Anonymous>" 1#191 "generateSpFromFun" 2#21 "generatePatchySpecies2" 
"apply" ".overlayList" ".local" "<Anonymous>" "standardGeneric" "<Anonymous>" 1#191 "generateSpFromFun" 2#21 "generatePatchySpecies2" 
"apply" ".overlayList" ".local" "<Anonymous>" "standardGeneric" "<Anonymous>" 1#191 "generateSpFromFun" 2#21 "generatePatchySpecies2" 
"unlist" "apply" ".overlayList" ".local" "<Anonymous>" "standardGeneric" "<Anonymous>" 1#191 "generateSpFromFun" 2#21 "generatePatchySpecies2" 
"deparse" "doTryCatch" "tryCatchOne" "tryCatchList" "tryCatch" "try" "isTRUE" ".makeTextFun" ".local" "calc" "standardGeneric" "calc" 5#494 "convertToPA" 2#30 "generatePatchySpecies2" 
5#496 "lapply" "sapply" 5#496 "fun" ".local" "calc" "standardGeneric" "calc" 5#494 "convertToPA" 2#30 "generatePatchySpecies2" 
5#496 "lapply" "sapply" 5#496 "fun" ".local" "calc" "standardGeneric" "calc" 5#494 "convertToPA" 2#30 "generatePatchySpecies2" 
5#496 "FUN" 5#496 "lapply" "sapply" 5#496 "fun" ".local" "calc" "standardGeneric" "calc" 5#494 "convertToPA" 2#30 "generatePatchySpecies2" 
"is.na" 5#498 "FUN" 5#496 "lapply" "sapply" 5#496 "fun" ".local" "calc" "standardGeneric" "calc" 5#494 "convertToPA" 2#30 "generatePatchySpecies2" 
"sample.int" "sample" 5#501 "FUN" 5#496 "lapply" "sapply" 5#496 "fun" ".local" "calc" "standardGeneric" "calc" 5#494 "convertToPA" 2#30 "generatePatchySpecies2" 
"sample" 5#501 "FUN" 5#496 "lapply" "sapply" 5#496 "fun" ".local" "calc" "standardGeneric" "calc" 5#494 "convertToPA" 2#30 "generatePatchySpecies2" 
5#496 "lapply" "sapply" 5#496 "fun" ".local" "calc" "standardGeneric" "calc" 5#494 "convertToPA" 2#30 "generatePatchySpecies2" 
"sample.int" "sample" 5#501 "FUN" 5#496 "lapply" "sapply" 5#496 "fun" ".local" "calc" "standardGeneric" "calc" 5#494 "convertToPA" 2#30 "generatePatchySpecies2" 
"sample" 5#501 "FUN" 5#496 "lapply" "sapply" 5#496 "fun" ".local" "calc" "standardGeneric" "calc" 5#494 "convertToPA" 2#30 "generatePatchySpecies2" 
5#496 "lapply" "sapply" 5#496 "fun" ".local" "calc" "standardGeneric" "calc" 5#494 "convertToPA" 2#30 "generatePatchySpecies2" 
5#496 "lapply" "sapply" 5#496 "fun" ".local" "calc" "standardGeneric" "calc" 5#494 "convertToPA" 2#30 "generatePatchySpecies2" 
5#496 "lapply" "sapply" 5#496 "fun" ".local" "calc" "standardGeneric" "calc" 5#494 "convertToPA" 2#30 "generatePatchySpecies2" 
"is.na" 5#498 "FUN" 5#496 "lapply" "sapply" 5#496 "fun" ".local" "calc" "standardGeneric" "calc" 5#494 "convertToPA" 2#30 "generatePatchySpecies2" 
5#312 "convertToPA" 2#30 "generatePatchySpecies2" 
"unique.default" "unique" "factor" "table" ".local" "freq" "standardGeneric" "freq" 5#522 "convertToPA" 2#30 "generatePatchySpecies2" 
"unique.default" "unique" "factor" "table" ".local" "freq" "standardGeneric" "freq" 5#522 "convertToPA" 2#30 "generatePatchySpecies2" 
"as.character" "factor" "table" ".local" "freq" "standardGeneric" "freq" 5#522 "convertToPA" 2#30 "generatePatchySpecies2" 
"as.character" "factor" "table" ".local" "freq" "standardGeneric" "freq" 5#522 "convertToPA" 2#30 "generatePatchySpecies2" 
"unique.default" "unique" "factor" "table" ".local" "freq" "standardGeneric" "freq" 5#522 "convertToPA" 2#30 "generatePatchySpecies2" 
"unique.default" "unique" "factor" "table" ".local" "freq" "standardGeneric" "freq" 5#522 "convertToPA" 2#30 "generatePatchySpecies2" 
"as.character" "factor" "table" ".local" "freq" "standardGeneric" "freq" 5#522 "convertToPA" 2#30 "generatePatchySpecies2" 
"as.character" "factor" "table" ".local" "freq" "standardGeneric" "freq" 5#522 "convertToPA" 2#30 "generatePatchySpecies2" 
"==" "eval" "eval" "<Anonymous>" "setValues" "standardGeneric" "setValues" "==" "==" "==" "standardGeneric" "Which" 2#35 "generatePatchySpecies2" 
"unlist" "extent" "standardGeneric" "extent" ".local" "extent" "standardGeneric" "extent" "doTryCatch" "tryCatchOne" "tryCatchList" "tryCatch" "try" ".local" "crop" "standardGeneric" "crop" ".local" "[<-" "[<-" 6#4 "generate.patches" 2#38 "generatePatchySpecies2" 
"standardGeneric" "initialize" "<Anonymous>" "extent" "standardGeneric" "extent" ".local" "extent" "standardGeneric" "extent" "xmax" "standardGeneric" "xmax" "colFromX" ".local" "crop" "standardGeneric" "crop" ".local" "[<-" "[<-" 6#4 "generate.patches" 2#38 "generatePatchySpecies2" 
"which" ".replace" ".local" "[<-" "[<-" 6#4 "generate.patches" 2#38 "generatePatchySpecies2" 
"is.factor" "sort.int" "sort.default" "sort" "unlist" "extent" "standardGeneric" "extent" ".local" "extent" "standardGeneric" "extent" "<Anonymous>" "validityMethod" "anyStrings" "validObject" "initialize" "standardGeneric" "initialize" "<Anonymous>" ".local" "raster" "standardGeneric" "raster" ".local" "raster" "standardGeneric" "raster" ".local" "raster" "standardGeneric" "raster" "==" "==" "==" "standardGeneric" "Which" "sample" 6#14 "generate.patches" 2#38 "generatePatchySpecies2" 
"==" "which" 6#30 "generate.patches" 2#38 "generatePatchySpecies2" 
"==" "which" 6#30 "generate.patches" 2#38 "generatePatchySpecies2" 
"==" "which" 6#30 "generate.patches" 2#38 "generatePatchySpecies2" 
"==" "which" 6#30 "generate.patches" 2#38 "generatePatchySpecies2" 
"unique.default" "unique" "setdiff" 6#62 "neighbors" "standardGeneric" "union" 6#71 "grow" 6#92 "expand" 6#28 "generate.patches" 2#38 "generatePatchySpecies2" 
"==" "which" 6#30 "generate.patches" 2#38 "generatePatchySpecies2" 
"is.na" 6#34 "generate.patches" 2#38 "generatePatchySpecies2" 
"max" "setMinMax" "standardGeneric" "setMinMax" "setValues" "standardGeneric" "setValues" 6#37 "generate.patches" 2#38 "generatePatchySpecies2" 
"parent.frame" "eval" "match.arg" "sort.int" "sort.default" "sort" ".readCells" ".cellValues" ".doExtract" "[" "[" "NCOL" ".calcTest" ".local" "calc" "standardGeneric" "calc" 1#164 "FUN" "lapply" "sapply" "standardGeneric" "stack" 1#162 "generateSpFromFun" 2#21 "generatePatchySpecies2" 
"pmatch" ".deparseOpts" "deparse" "eval" "match.arg" "table" "standardGeneric" "as.matrix" ".uniqueNames" "validNames" "names<-" "names<-" "names<-" ".local" "stack" "standardGeneric" "stack" 1#162 "generateSpFromFun" 2#21 "generatePatchySpecies2" 
"apply" ".overlayList" ".local" "<Anonymous>" "standardGeneric" "<Anonymous>" 1#191 "generateSpFromFun" 2#21 "generatePatchySpecies2" 
"apply" ".overlayList" ".local" "<Anonymous>" "standardGeneric" "<Anonymous>" 1#191 "generateSpFromFun" 2#21 "generatePatchySpecies2" 
"FUN" "apply" ".overlayList" ".local" "<Anonymous>" "standardGeneric" "<Anonymous>" 1#191 "generateSpFromFun" 2#21 "generatePatchySpecies2" 
"FUN" "apply" ".overlayList" ".local" "<Anonymous>" "standardGeneric" "<Anonymous>" 1#191 "generateSpFromFun" 2#21 "generatePatchySpecies2" 
"apply" ".overlayList" ".local" "<Anonymous>" "standardGeneric" "<Anonymous>" 1#191 "generateSpFromFun" 2#21 "generatePatchySpecies2" 
"FUN" "apply" ".overlayList" ".local" "<Anonymous>" "standardGeneric" "<Anonymous>" 1#191 "generateSpFromFun" 2#21 "generatePatchySpecies2" 
"apply" ".overlayList" ".local" "<Anonymous>" "standardGeneric" "<Anonymous>" 1#191 "generateSpFromFun" 2#21 "generatePatchySpecies2" 
"sub" "<Anonymous>" "CRS" ".local" "raster" "standardGeneric" "raster" ".local" "raster" "standardGeneric" "raster" ".local" "raster" "standardGeneric" "raster" ".local" "calc" "standardGeneric" "calc" 5#490 "convertToPA" 2#30 "generatePatchySpecies2" 
5#496 "lapply" "sapply" 5#496 "fun" ".local" "calc" "standardGeneric" "calc" 5#494 "convertToPA" 2#30 "generatePatchySpecies2" 
"sample.int" "sample" 5#501 "FUN" 5#496 "lapply" "sapply" 5#496 "fun" ".local" "calc" "standardGeneric" "calc" 5#494 "convertToPA" 2#30 "generatePatchySpecies2" 
5#496 "lapply" "sapply" 5#496 "fun" ".local" "calc" "standardGeneric" "calc" 5#494 "convertToPA" 2#30 "generatePatchySpecies2" 
"length" "sample" 5#501 "FUN" 5#496 "lapply" "sapply" 5#496 "fun" ".local" "calc" "standardGeneric" "calc" 5#494 "convertToPA" 2#30 "generatePatchySpecies2" 
5#496 "FUN" 5#496 "lapply" "sapply" 5#496 "fun" ".local" "calc" "standardGeneric" "calc" 5#494 "convertToPA" 2#30 "generatePatchySpecies2" 
5#496 "lapply" "sapply" 5#496 "fun" ".local" "calc" "standardGeneric" "calc" 5#494 "convertToPA" 2#30 "generatePatchySpecies2" 
5#498 "FUN" 5#496 "lapply" "sapply" 5#496 "fun" ".local" "calc" "standardGeneric" "calc" 5#494 "convertToPA" 2#30 "generatePatchySpecies2" 
"sample.int" "sample" 5#501 "FUN" 5#496 "lapply" "sapply" 5#496 "fun" ".local" "calc" "standardGeneric" "calc" 5#494 "convertToPA" 2#30 "generatePatchySpecies2" 
"sample.int" "sample" 5#501 "FUN" 5#496 "lapply" "sapply" 5#496 "fun" ".local" "calc" "standardGeneric" "calc" 5#494 "convertToPA" 2#30 "generatePatchySpecies2" 
"sample.int" "sample" 5#501 "FUN" 5#496 "lapply" "sapply" 5#496 "fun" ".local" "calc" "standardGeneric" "calc" 5#494 "convertToPA" 2#30 "generatePatchySpecies2" 
5#496 "lapply" "sapply" 5#496 "fun" ".local" "calc" "standardGeneric" "calc" 5#494 "convertToPA" 2#30 "generatePatchySpecies2" 
"is.na" 5#498 "FUN" 5#496 "lapply" "sapply" 5#496 "fun" ".local" "calc" "standardGeneric" "calc" 5#494 "convertToPA" 2#30 "generatePatchySpecies2" 
5#496 "FUN" 5#496 "lapply" "sapply" 5#496 "fun" ".local" "calc" "standardGeneric" "calc" 5#494 "convertToPA" 2#30 "generatePatchySpecies2" 
5#498 "FUN" 5#496 "lapply" "sapply" 5#496 "fun" ".local" "calc" "standardGeneric" "calc" 5#494 "convertToPA" 2#30 "generatePatchySpecies2" 
"min" "setMinMax" "standardGeneric" "setMinMax" "setValues" "standardGeneric" "setValues" ".local" "calc" "standardGeneric" "calc" 5#494 "convertToPA" 2#30 "generatePatchySpecies2" 
"unique.default" "unique" "factor" "table" ".local" "freq" "standardGeneric" "freq" 5#522 "convertToPA" 2#30 "generatePatchySpecies2" 
"unique.default" "unique" "factor" "table" ".local" "freq" "standardGeneric" "freq" 5#522 "convertToPA" 2#30 "generatePatchySpecies2" 
"as.character" "factor" "table" ".local" "freq" "standardGeneric" "freq" 5#522 "convertToPA" 2#30 "generatePatchySpecies2" 
"as.character" "factor" "table" ".local" "freq" "standardGeneric" "freq" 5#522 "convertToPA" 2#30 "generatePatchySpecies2" 
"unique.default" "unique" "factor" "table" ".local" "freq" "standardGeneric" "freq" 5#522 "convertToPA" 2#30 "generatePatchySpecies2" 
"unique.default" "unique" "factor" "table" ".local" "freq" "standardGeneric" "freq" 5#522 "convertToPA" 2#30 "generatePatchySpecies2" 
"as.character" "factor" "table" ".local" "freq" "standardGeneric" "freq" 5#522 "convertToPA" 2#30 "generatePatchySpecies2" 
"as.character" "factor" "table" ".local" "freq" "standardGeneric" "freq" 5#522 "convertToPA" 2#30 "generatePatchySpecies2" 
"==" "eval" "eval" "<Anonymous>" "setValues" "standardGeneric" "setValues" "==" "==" "==" "standardGeneric" "Which" 2#35 "generatePatchySpecies2" 
"character" "<Anonymous>" ".local" "extent" "standardGeneric" "extent" "<Anonymous>" "validityMethod" "anyStrings" "validObject" "initialize" "standardGeneric" "initialize" "<Anonymous>" ".local" "raster" "standardGeneric" "raster" ".local" "raster" "standardGeneric" "raster" ".local" "raster" "standardGeneric" "raster" "!" "!" "!" "[<-" 2#43 "generatePatchySpecies2" 
"sort.int" "sort.default" "sort" "standardGeneric" "extent" ".local" "extent" "standardGeneric" "extent" "ymin" "standardGeneric" "ymin" "rowFromY" ".local" "crop" "standardGeneric" "crop" ".local" "[<-" "[<-" 2#43 "generatePatchySpecies2" 
"max" "setMinMax" "standardGeneric" "setMinMax" ".replace" ".local" "[<-" "[<-" 2#43 "generatePatchySpecies2" 
"standardGeneric" "nrow" ".uniqueNames" "validNames" "names<-" "names<-" "addLayer" "standardGeneric" "addLayer" 2#49 "generatePatchySpecies2" 
"dnorm" 3#126 "custnorm" 4#34 "<Anonymous>" "do.call" 1#166 "fun" ".local" "calc" "standardGeneric" "calc" 1#164 "FUN" "lapply" "sapply" "standardGeneric" "stack" 1#162 "generateSpFromFun" 2#21 "generatePatchySpecies2" 
"apply" ".overlayList" ".local" "<Anonymous>" "standardGeneric" "<Anonymous>" 1#191 "generateSpFromFun" 2#21 "generatePatchySpecies2" 
"apply" ".overlayList" ".local" "<Anonymous>" "standardGeneric" "<Anonymous>" 1#191 "generateSpFromFun" 2#21 "generatePatchySpecies2" 
"FUN" "apply" ".overlayList" ".local" "<Anonymous>" "standardGeneric" "<Anonymous>" 1#191 "generateSpFromFun" 2#21 "generatePatchySpecies2" 
"apply" ".overlayList" ".local" "<Anonymous>" "standardGeneric" "<Anonymous>" 1#191 "generateSpFromFun" 2#21 "generatePatchySpecies2" 
"FUN" "apply" ".overlayList" ".local" "<Anonymous>" "standardGeneric" "<Anonymous>" 1#191 "generateSpFromFun" 2#21 "generatePatchySpecies2" 
"FUN" "apply" ".overlayList" ".local" "<Anonymous>" "standardGeneric" "<Anonymous>" 1#191 "generateSpFromFun" 2#21 "generatePatchySpecies2" 
"apply" ".overlayList" ".local" "<Anonymous>" "standardGeneric" "<Anonymous>" 1#191 "generateSpFromFun" 2#21 "generatePatchySpecies2" 
"as.data.frame" "as.data.frame" "nrow" "merge.data.frame" "merge" "merge.default" "merge" "standardGeneric" "merge" ".readCells" ".cellValues" ".doExtract" "[" "[" "NCOL" ".calcTest" ".local" "calc" "standardGeneric" "calc" 5#490 "convertToPA" 2#30 "generatePatchySpecies2" 
"sample" 5#501 "FUN" 5#496 "lapply" "sapply" 5#496 "fun" ".local" "calc" "standardGeneric" "calc" 5#494 "convertToPA" 2#30 "generatePatchySpecies2" 
"sample" 5#501 "FUN" 5#496 "lapply" "sapply" 5#496 "fun" ".local" "calc" "standardGeneric" "calc" 5#494 "convertToPA" 2#30 "generatePatchySpecies2" 
"sample" 5#501 "FUN" 5#496 "lapply" "sapply" 5#496 "fun" ".local" "calc" "standardGeneric" "calc" 5#494 "convertToPA" 2#30 "generatePatchySpecies2" 
"sample" 5#501 "FUN" 5#496 "lapply" "sapply" 5#496 "fun" ".local" "calc" "standardGeneric" "calc" 5#494 "convertToPA" 2#30 "generatePatchySpecies2" 
"c" "sample" 5#501 "FUN" 5#496 "lapply" "sapply" 5#496 "fun" ".local" "calc" "standardGeneric" "calc" 5#494 "convertToPA" 2#30 "generatePatchySpecies2" 
"sample.int" "sample" 5#501 "FUN" 5#496 "lapply" "sapply" 5#496 "fun" ".local" "calc" "standardGeneric" "calc" 5#494 "convertToPA" 2#30 "generatePatchySpecies2" 
"sample" 5#501 "FUN" 5#496 "lapply" "sapply" 5#496 "fun" ".local" "calc" "standardGeneric" "calc" 5#494 "convertToPA" 2#30 "generatePatchySpecies2" 
"sample.int" "sample" 5#501 "FUN" 5#496 "lapply" "sapply" 5#496 "fun" ".local" "calc" "standardGeneric" "calc" 5#494 "convertToPA" 2#30 "generatePatchySpecies2" 
5#501 "sample" 5#501 "FUN" 5#496 "lapply" "sapply" 5#496 "fun" ".local" "calc" "standardGeneric" "calc" 5#494 "convertToPA" 2#30 "generatePatchySpecies2" 
5#501 "FUN" 5#496 "lapply" "sapply" 5#496 "fun" ".local" "calc" "standardGeneric" "calc" 5#494 "convertToPA" 2#30 "generatePatchySpecies2" 
5#496 "FUN" 5#496 "lapply" "sapply" 5#496 "fun" ".local" "calc" "standardGeneric" "calc" 5#494 "convertToPA" 2#30 "generatePatchySpecies2" 
"sample.int" "sample" 5#501 "FUN" 5#496 "lapply" "sapply" 5#496 "fun" ".local" "calc" "standardGeneric" "calc" 5#494 "convertToPA" 2#30 "generatePatchySpecies2" 
"sample" 5#501 "FUN" 5#496 "lapply" "sapply" 5#496 "fun" ".local" "calc" "standardGeneric" "calc" 5#494 "convertToPA" 2#30 "generatePatchySpecies2" 
5#501 "FUN" 5#496 "lapply" "sapply" 5#496 "fun" ".local" "calc" "standardGeneric" "calc" 5#494 "convertToPA" 2#30 "generatePatchySpecies2" 
5#496 "lapply" "sapply" 5#496 "fun" ".local" "calc" "standardGeneric" "calc" 5#494 "convertToPA" 2#30 "generatePatchySpecies2" 
5#498 "FUN" 5#496 "lapply" "sapply" 5#496 "fun" ".local" "calc" "standardGeneric" "calc" 5#494 "convertToPA" 2#30 "generatePatchySpecies2" 
5#496 "lapply" "sapply" 5#496 "fun" ".local" "calc" "standardGeneric" "calc" 5#494 "convertToPA" 2#30 "generatePatchySpecies2" 
"max" "setMinMax" "standardGeneric" "setMinMax" "setValues" "standardGeneric" "setValues" ".local" "calc" "standardGeneric" "calc" 5#494 "convertToPA" 2#30 "generatePatchySpecies2" 
"unique.default" "unique" "factor" "table" ".local" "freq" "standardGeneric" "freq" 5#522 "convertToPA" 2#30 "generatePatchySpecies2" 
"unique.default" "unique" "factor" "table" ".local" "freq" "standardGeneric" "freq" 5#522 "convertToPA" 2#30 "generatePatchySpecies2" 
"as.character" "factor" "table" ".local" "freq" "standardGeneric" "freq" 5#522 "convertToPA" 2#30 "generatePatchySpecies2" 
"table" ".local" "freq" "standardGeneric" "freq" 5#522 "convertToPA" 2#30 "generatePatchySpecies2" 
"unique.default" "unique" "factor" "table" ".local" "freq" "standardGeneric" "freq" 5#522 "convertToPA" 2#30 "generatePatchySpecies2" 
"unique.default" "unique" "factor" "table" ".local" "freq" "standardGeneric" "freq" 5#522 "convertToPA" 2#30 "generatePatchySpecies2" 
"as.character" "factor" "table" ".local" "freq" "standardGeneric" "freq" 5#522 "convertToPA" 2#30 "generatePatchySpecies2" 
2#30 "generatePatchySpecies2" 
"==" "which" ".local" "Which" "standardGeneric" "Which" 2#35 "generatePatchySpecies2" 
"slot" "doTryCatch" "tryCatchOne" "tryCatchList" "tryCatch" "try" "<Anonymous>" "validityMethod" "anyStrings" "validObject" "initialize" "standardGeneric" "initialize" "<Anonymous>" ".local" "raster" "standardGeneric" "raster" ".local" "raster" "standardGeneric" "raster" ".local" "raster" "standardGeneric" "raster" ".copyWithProperties" ".local" "crop" "standardGeneric" "crop" ".local" "[<-" "[<-" 6#4 "generate.patches" 2#38 "generatePatchySpecies2" 
"doTryCatch" "tryCatchOne" "tryCatchList" "tryCatch" "try" "<Anonymous>" ".local" "extent" "standardGeneric" "extent" "standardGeneric" "all.equal" "isTRUE" "compareRaster" ".local" "[<-" "[<-" 6#4 "generate.patches" 2#38 "generatePatchySpecies2" 
"match" "initialize" "standardGeneric" "initialize" "new" "CRS" ".local" "raster" "standardGeneric" "raster" ".local" "raster" "standardGeneric" "raster" ".local" "raster" "standardGeneric" "raster" "==" "==" "==" "standardGeneric" "Which" "sample" 6#14 "generate.patches" 2#38 "generatePatchySpecies2" 
"==" "which" 6#30 "generate.patches" 2#38 "generatePatchySpecies2" 
"==" "which" 6#30 "generate.patches" 2#38 "generatePatchySpecies2" 
"==" "which" 6#30 "generate.patches" 2#38 "generatePatchySpecies2" 
"==" "which" 6#30 "generate.patches" 2#38 "generatePatchySpecies2" 
"runif" 6#69 "grow" 6#92 "expand" 6#28 "generate.patches" 2#38 "generatePatchySpecies2" 
"==" "which" 6#30 "generate.patches" 2#38 "generatePatchySpecies2" 
"is.na" 6#34 "generate.patches" 2#38 "generatePatchySpecies2" 
"max" "setMinMax" "standardGeneric" "setMinMax" "setValues" "standardGeneric" "setValues" 6#37 "generate.patches" 2#38 "generatePatchySpecies2" 
"@<-" "FUN" "lapply" "sapply" "names<-" "names<-" "addLayer" "standardGeneric" "addLayer" 2#49 "generatePatchySpecies2" 
"dnorm" 3#126 "custnorm" 4#34 "<Anonymous>" "do.call" 1#166 "fun" ".local" "calc" "standardGeneric" "calc" 1#164 "FUN" "lapply" "sapply" "standardGeneric" "stack" 1#162 "generateSpFromFun" 2#21 "generatePatchySpecies2" 
"apply" ".overlayList" ".local" "<Anonymous>" "standardGeneric" "<Anonymous>" 1#191 "generateSpFromFun" 2#21 "generatePatchySpecies2" 
"apply" ".overlayList" ".local" "<Anonymous>" "standardGeneric" "<Anonymous>" 1#191 "generateSpFromFun" 2#21 "generatePatchySpecies2" 
"apply" ".overlayList" ".local" "<Anonymous>" "standardGeneric" "<Anonymous>" 1#191 "generateSpFromFun" 2#21 "generatePatchySpecies2" 
"apply" ".overlayList" ".local" "<Anonymous>" "standardGeneric" "<Anonymous>" 1#191 "generateSpFromFun" 2#21 "generatePatchySpecies2" 
"apply" ".overlayList" ".local" "<Anonymous>" "standardGeneric" "<Anonymous>" 1#191 "generateSpFromFun" 2#21 "generatePatchySpecies2" 
"apply" ".overlayList" ".local" "<Anonymous>" "standardGeneric" "<Anonymous>" 1#191 "generateSpFromFun" 2#21 "generatePatchySpecies2" 
"FUN" "apply" ".overlayList" ".local" "<Anonymous>" "standardGeneric" "<Anonymous>" 1#191 "generateSpFromFun" 2#21 "generatePatchySpecies2" 
"apply" ".overlayList" ".local" "<Anonymous>" "standardGeneric" "<Anonymous>" 1#191 "generateSpFromFun" 2#21 "generatePatchySpecies2" 
"paste" ".makeMessage" "message" 5#308 "convertToPA" 2#30 "generatePatchySpecies2" 
5#501 "sample" 5#501 "FUN" 5#496 "lapply" "sapply" 5#496 "fun" ".local" "calc" "standardGeneric" "calc" 5#494 "convertToPA" 2#30 "generatePatchySpecies2" 
5#496 "lapply" "sapply" 5#496 "fun" ".local" "calc" "standardGeneric" "calc" 5#494 "convertToPA" 2#30 "generatePatchySpecies2" 
"sample" 5#501 "FUN" 5#496 "lapply" "sapply" 5#496 "fun" ".local" "calc" "standardGeneric" "calc" 5#494 "convertToPA" 2#30 "generatePatchySpecies2" 
"sample.int" "sample" 5#501 "FUN" 5#496 "lapply" "sapply" 5#496 "fun" ".local" "calc" "standardGeneric" "calc" 5#494 "convertToPA" 2#30 "generatePatchySpecies2" 
5#501 "sample" 5#501 "FUN" 5#496 "lapply" "sapply" 5#496 "fun" ".local" "calc" "standardGeneric" "calc" 5#494 "convertToPA" 2#30 "generatePatchySpecies2" 
"sample" 5#501 "FUN" 5#496 "lapply" "sapply" 5#496 "fun" ".local" "calc" "standardGeneric" "calc" 5#494 "convertToPA" 2#30 "generatePatchySpecies2" 
5#496 "lapply" "sapply" 5#496 "fun" ".local" "calc" "standardGeneric" "calc" 5#494 "convertToPA" 2#30 "generatePatchySpecies2" 
5#496 "FUN" 5#496 "lapply" "sapply" 5#496 "fun" ".local" "calc" "standardGeneric" "calc" 5#494 "convertToPA" 2#30 "generatePatchySpecies2" 
"sample" 5#501 "FUN" 5#496 "lapply" "sapply" 5#496 "fun" ".local" "calc" "standardGeneric" "calc" 5#494 "convertToPA" 2#30 "generatePatchySpecies2" 
5#496 "lapply" "sapply" 5#496 "fun" ".local" "calc" "standardGeneric" "calc" 5#494 "convertToPA" 2#30 "generatePatchySpecies2" 
5#496 "lapply" "sapply" 5#496 "fun" ".local" "calc" "standardGeneric" "calc" 5#494 "convertToPA" 2#30 "generatePatchySpecies2" 
5#496 "FUN" 5#496 "lapply" "sapply" 5#496 "fun" ".local" "calc" "standardGeneric" "calc" 5#494 "convertToPA" 2#30 "generatePatchySpecies2" 
5#496 "lapply" "sapply" 5#496 "fun" ".local" "calc" "standardGeneric" "calc" 5#494 "convertToPA" 2#30 "generatePatchySpecies2" 
"is.na" 5#498 "FUN" 5#496 "lapply" "sapply" 5#496 "fun" ".local" "calc" "standardGeneric" "calc" 5#494 "convertToPA" 2#30 "generatePatchySpecies2" 
"min" "setMinMax" "standardGeneric" "setMinMax" "setValues" "standardGeneric" "setValues" ".local" "calc" "standardGeneric" "calc" 5#494 "convertToPA" 2#30 "generatePatchySpecies2" 
"match.arg" "table" ".local" "freq" "standardGeneric" "freq" 5#522 "convertToPA" 2#30 "generatePatchySpecies2" 
"unique.default" "unique" "factor" "table" ".local" "freq" "standardGeneric" "freq" 5#522 "convertToPA" 2#30 "generatePatchySpecies2" 
"as.character" "factor" "table" ".local" "freq" "standardGeneric" "freq" 5#522 "convertToPA" 2#30 "generatePatchySpecies2" 
"as.character" "factor" "table" ".local" "freq" "standardGeneric" "freq" 5#522 "convertToPA" 2#30 "generatePatchySpecies2" 
"unique.default" "unique" "factor" "table" ".local" "freq" "standardGeneric" "freq" 5#522 "convertToPA" 2#30 "generatePatchySpecies2" 
"unique.default" "unique" "factor" "table" ".local" "freq" "standardGeneric" "freq" 5#522 "convertToPA" 2#30 "generatePatchySpecies2" 
"as.character" "factor" "table" ".local" "freq" "standardGeneric" "freq" 5#522 "convertToPA" 2#30 "generatePatchySpecies2" 
"as.character" "factor" "table" ".local" "freq" "standardGeneric" "freq" 5#522 "convertToPA" 2#30 "generatePatchySpecies2" 
"==" "eval" "eval" "<Anonymous>" "setValues" "standardGeneric" "setValues" "==" "==" "==" "standardGeneric" "Which" 2#35 "generatePatchySpecies2" 
".Call" "<Anonymous>" "CRS" ".local" "raster" "standardGeneric" "raster" ".local" "raster" "standardGeneric" "raster" ".local" "raster" "standardGeneric" "raster" "!" "!" "!" "[<-" 6#4 "generate.patches" 2#38 "generatePatchySpecies2" 
"deparse" "eval" "match.arg" "sort.int" "sort.default" "sort" "standardGeneric" "extent" ".local" "extent" "standardGeneric" "extent" "ymin" "standardGeneric" "ymin" "rowFromY" ".local" "crop" "standardGeneric" "crop" ".local" "[<-" "[<-" 6#4 "generate.patches" 2#38 "generatePatchySpecies2" 
"max" "setMinMax" "standardGeneric" "setMinMax" ".replace" ".local" "[<-" "[<-" 6#4 "generate.patches" 2#38 "generatePatchySpecies2" 
"==" "which" 6#30 "generate.patches" 2#38 "generatePatchySpecies2" 
"==" "which" 6#30 "generate.patches" 2#38 "generatePatchySpecies2" 
"==" "which" 6#30 "generate.patches" 2#38 "generatePatchySpecies2" 
6#42 "expand" 6#28 "generate.patches" 2#38 "generatePatchySpecies2" 
"==" "which" 6#30 "generate.patches" 2#38 "generatePatchySpecies2" 
"==" "which" 6#30 "generate.patches" 2#38 "generatePatchySpecies2" 
"==" "which" 6#30 "generate.patches" 2#38 "generatePatchySpecies2" 
"max" "setMinMax" "standardGeneric" "setMinMax" "setValues" "standardGeneric" "setValues" 6#37 "generate.patches" 2#38 "generatePatchySpecies2" 
"attributes" "attr.all.equal" "all.equal.list" "all.equal" "attr.all.equal" "all.equal.default" "all.equal" "standardGeneric" "all.equal" "isTRUE" "compareRaster" "addLayer" "standardGeneric" "addLayer" 2#49 "generatePatchySpecies2" 
"dnorm" 3#126 "custnorm" 4#34 "<Anonymous>" "do.call" 1#166 "fun" ".local" "calc" "standardGeneric" "calc" 1#164 "FUN" "lapply" "sapply" "standardGeneric" "stack" 1#162 "generateSpFromFun" 2#21 "generatePatchySpecies2" 
".overlayList" ".local" "<Anonymous>" "standardGeneric" "<Anonymous>" 1#191 "generateSpFromFun" 2#21 "generatePatchySpecies2" 
"apply" ".overlayList" ".local" "<Anonymous>" "standardGeneric" "<Anonymous>" 1#191 "generateSpFromFun" 2#21 "generatePatchySpecies2" 
"apply" ".overlayList" ".local" "<Anonymous>" "standardGeneric" "<Anonymous>" 1#191 "generateSpFromFun" 2#21 "generatePatchySpecies2" 
"FUN" "apply" ".overlayList" ".local" "<Anonymous>" "standardGeneric" "<Anonymous>" 1#191 "generateSpFromFun" 2#21 "generatePatchySpecies2" 
"apply" ".overlayList" ".local" "<Anonymous>" "standardGeneric" "<Anonymous>" 1#191 "generateSpFromFun" 2#21 "generatePatchySpecies2" 
"apply" ".overlayList" ".local" "<Anonymous>" "standardGeneric" "<Anonymous>" 1#191 "generateSpFromFun" 2#21 "generatePatchySpecies2" 
"apply" ".overlayList" ".local" "<Anonymous>" "standardGeneric" "<Anonymous>" 1#191 "generateSpFromFun" 2#21 "generatePatchySpecies2" 
"apply" ".overlayList" ".local" "<Anonymous>" "standardGeneric" "<Anonymous>" 1#191 "generateSpFromFun" 2#21 "generatePatchySpecies2" 
"matrix" ".overlayList" ".local" "<Anonymous>" "standardGeneric" "<Anonymous>" 1#191 "generateSpFromFun" 2#21 "generatePatchySpecies2" 
5#498 "FUN" 5#496 "lapply" "sapply" 5#496 "fun" ".local" "calc" "standardGeneric" "calc" 5#494 "convertToPA" 2#30 "generatePatchySpecies2" 
5#496 "FUN" 5#496 "lapply" "sapply" 5#496 "fun" ".local" "calc" "standardGeneric" "calc" 5#494 "convertToPA" 2#30 "generatePatchySpecies2" 
"sample.int" "sample" 5#501 "FUN" 5#496 "lapply" "sapply" 5#496 "fun" ".local" "calc" "standardGeneric" "calc" 5#494 "convertToPA" 2#30 "generatePatchySpecies2" 
5#501 "FUN" 5#496 "lapply" "sapply" 5#496 "fun" ".local" "calc" "standardGeneric" "calc" 5#494 "convertToPA" 2#30 "generatePatchySpecies2" 
"sample.int" "sample" 5#501 "FUN" 5#496 "lapply" "sapply" 5#496 "fun" ".local" "calc" "standardGeneric" "calc" 5#494 "convertToPA" 2#30 "generatePatchySpecies2" 
"sample.int" "sample" 5#501 "FUN" 5#496 "lapply" "sapply" 5#496 "fun" ".local" "calc" "standardGeneric" "calc" 5#494 "convertToPA" 2#30 "generatePatchySpecies2" 
"sample.int" "sample" 5#501 "FUN" 5#496 "lapply" "sapply" 5#496 "fun" ".local" "calc" "standardGeneric" "calc" 5#494 "convertToPA" 2#30 "generatePatchySpecies2" 
"sample.int" "sample" 5#501 "FUN" 5#496 "lapply" "sapply" 5#496 "fun" ".local" "calc" "standardGeneric" "calc" 5#494 "convertToPA" 2#30 "generatePatchySpecies2" 
"is.na" 5#498 "FUN" 5#496 "lapply" "sapply" 5#496 "fun" ".local" "calc" "standardGeneric" "calc" 5#494 "convertToPA" 2#30 "generatePatchySpecies2" 
"sample.int" "sample" 5#501 "FUN" 5#496 "lapply" "sapply" 5#496 "fun" ".local" "calc" "standardGeneric" "calc" 5#494 "convertToPA" 2#30 "generatePatchySpecies2" 
"sample.int" "sample" 5#501 "FUN" 5#496 "lapply" "sapply" 5#496 "fun" ".local" "calc" "standardGeneric" "calc" 5#494 "convertToPA" 2#30 "generatePatchySpecies2" 
"sample.int" "sample" 5#501 "FUN" 5#496 "lapply" "sapply" 5#496 "fun" ".local" "calc" "standardGeneric" "calc" 5#494 "convertToPA" 2#30 "generatePatchySpecies2" 
5#501 "FUN" 5#496 "lapply" "sapply" 5#496 "fun" ".local" "calc" "standardGeneric" "calc" 5#494 "convertToPA" 2#30 "generatePatchySpecies2" 
5#496 "FUN" 5#496 "lapply" "sapply" 5#496 "fun" ".local" "calc" "standardGeneric" "calc" 5#494 "convertToPA" 2#30 "generatePatchySpecies2" 
5#496 "lapply" "sapply" 5#496 "fun" ".local" "calc" "standardGeneric" "calc" 5#494 "convertToPA" 2#30 "generatePatchySpecies2" 
5#496 "lapply" "sapply" 5#496 "fun" ".local" "calc" "standardGeneric" "calc" 5#494 "convertToPA" 2#30 "generatePatchySpecies2" 
"min" "setMinMax" "standardGeneric" "setMinMax" "setValues" "standardGeneric" "setValues" ".local" "calc" "standardGeneric" "calc" 5#494 "convertToPA" 2#30 "generatePatchySpecies2" 
"unique.default" "unique" "factor" "table" ".local" "freq" "standardGeneric" "freq" 5#522 "convertToPA" 2#30 "generatePatchySpecies2" 
"unique.default" "unique" "factor" "table" ".local" "freq" "standardGeneric" "freq" 5#522 "convertToPA" 2#30 "generatePatchySpecies2" 
"as.character" "factor" "table" ".local" "freq" "standardGeneric" "freq" 5#522 "convertToPA" 2#30 "generatePatchySpecies2" 
"as.character" "factor" "table" ".local" "freq" "standardGeneric" "freq" 5#522 "convertToPA" 2#30 "generatePatchySpecies2" 
".local" "freq" "standardGeneric" "freq" 5#522 "convertToPA" 2#30 "generatePatchySpecies2" 
"unique.default" "unique" "factor" "table" ".local" "freq" "standardGeneric" "freq" 5#522 "convertToPA" 2#30 "generatePatchySpecies2" 
"as.character" "factor" "table" ".local" "freq" "standardGeneric" "freq" 5#522 "convertToPA" 2#30 "generatePatchySpecies2" 
"as.character" "factor" "table" ".local" "freq" "standardGeneric" "freq" 5#522 "convertToPA" 2#30 "generatePatchySpecies2" 
".local" "raster" "standardGeneric" "raster" ".local" "raster" "standardGeneric" "raster" ".local" "raster" "standardGeneric" "raster" "==" "==" "==" "standardGeneric" "Which" 2#35 "generatePatchySpecies2" 
".local" "raster" "standardGeneric" "raster" ".local" "raster" "standardGeneric" "raster" ".local" "raster" "standardGeneric" "raster" "is.na" "is.na" "is.na" "[<-" 6#4 "generate.patches" 2#38 "generatePatchySpecies2" 
"standardGeneric" "nrow" ".uniqueNames" "validNames" "names<-" "names<-" ".copyWithProperties" ".local" "crop" "standardGeneric" "crop" ".local" "[<-" "[<-" 6#4 "generate.patches" 2#38 "generatePatchySpecies2" 
".local" "[<-" "[<-" 6#4 "generate.patches" 2#38 "generatePatchySpecies2" 
"extent" "standardGeneric" "extent" ".local" "extent" "standardGeneric" "extent" "<Anonymous>" "validityMethod" "anyStrings" "validObject" "initialize" "standardGeneric" "initialize" "<Anonymous>" ".local" "raster" "standardGeneric" "raster" ".local" "raster" "standardGeneric" "raster" ".local" "raster" "standardGeneric" "raster" "==" "==" "==" "standardGeneric" "Which" "sample" 6#14 "generate.patches" 2#38 "generatePatchySpecies2" 
"==" "which" 6#30 "generate.patches" 2#38 "generatePatchySpecies2" 
"==" "which" 6#30 "generate.patches" 2#38 "generatePatchySpecies2" 
"==" "which" 6#30 "generate.patches" 2#38 "generatePatchySpecies2" 
"==" "which" 6#30 "generate.patches" 2#38 "generatePatchySpecies2" 
6#57 "neighbors" "standardGeneric" "union" 6#71 "grow" 6#92 "expand" 6#28 "generate.patches" 2#38 "generatePatchySpecies2" 
"matrix" 6#100 "expand" 6#28 "generate.patches" 2#38 "generatePatchySpecies2" 
"==" "which" 6#30 "generate.patches" 2#38 "generatePatchySpecies2" 
"is.list" ".getClassFromCache" "getClass" "checkAtAssignment" "setMinMax" "standardGeneric" "setMinMax" "setValues" "standardGeneric" "setValues" 6#37 "generate.patches" 2#38 "generatePatchySpecies2" 
"doTryCatch" "tryCatchOne" "tryCatchList" "tryCatch" "try" "isTRUE" "rotated" "res" "standardGeneric" "res" "origin" "standardGeneric" "origin" "compareRaster" "addLayer" "standardGeneric" "addLayer" 2#49 "generatePatchySpecies2" 
"dnorm" 3#126 "custnorm" 4#34 "<Anonymous>" "do.call" 1#166 "fun" ".local" "calc" "standardGeneric" "calc" 1#164 "FUN" "lapply" "sapply" "standardGeneric" "stack" 1#162 "generateSpFromFun" 2#21 "generatePatchySpecies2" 
"match" "elNamed" "checkAtAssignment" ".local" "raster" "standardGeneric" "raster" ".overlayList" ".local" "<Anonymous>" "standardGeneric" "<Anonymous>" 1#191 "generateSpFromFun" 2#21 "generatePatchySpecies2" 
"FUN" "apply" ".overlayList" ".local" "<Anonymous>" "standardGeneric" "<Anonymous>" 1#191 "generateSpFromFun" 2#21 "generatePatchySpecies2" 
"FUN" "apply" ".overlayList" ".local" "<Anonymous>" "standardGeneric" "<Anonymous>" 1#191 "generateSpFromFun" 2#21 "generatePatchySpecies2" 
"apply" ".overlayList" ".local" "<Anonymous>" "standardGeneric" "<Anonymous>" 1#191 "generateSpFromFun" 2#21 "generatePatchySpecies2" 
"apply" ".overlayList" ".local" "<Anonymous>" "standardGeneric" "<Anonymous>" 1#191 "generateSpFromFun" 2#21 "generatePatchySpecies2" 
"FUN" "apply" ".overlayList" ".local" "<Anonymous>" "standardGeneric" "<Anonymous>" 1#191 "generateSpFromFun" 2#21 "generatePatchySpecies2" 
"apply" ".overlayList" ".local" "<Anonymous>" "standardGeneric" "<Anonymous>" 1#191 "generateSpFromFun" 2#21 "generatePatchySpecies2" 
"apply" ".overlayList" ".local" "<Anonymous>" "standardGeneric" "<Anonymous>" 1#191 "generateSpFromFun" 2#21 "generatePatchySpecies2" 
"FUN" "apply" ".overlayList" ".local" "<Anonymous>" "standardGeneric" "<Anonymous>" 1#191 "generateSpFromFun" 2#21 "generatePatchySpecies2" 
"slot" "doTryCatch" "tryCatchOne" "tryCatchList" "tryCatch" "try" "validObject" "initialize" "standardGeneric" "initialize" "new" "CRS" ".local" "raster" "standardGeneric" "raster" ".local" "raster" "standardGeneric" "raster" ".local" "raster" "standardGeneric" "raster" ".local" "calc" "standardGeneric" "calc" 5#490 "convertToPA" 2#30 "generatePatchySpecies2" 
5#501 "sample" 5#501 "FUN" 5#496 "lapply" "sapply" 5#496 "fun" ".local" "calc" "standardGeneric" "calc" 5#494 "convertToPA" 2#30 "generatePatchySpecies2" 
"sample" 5#501 "FUN" 5#496 "lapply" "sapply" 5#496 "fun" ".local" "calc" "standardGeneric" "calc" 5#494 "convertToPA" 2#30 "generatePatchySpecies2" 
5#496 "FUN" 5#496 "lapply" "sapply" 5#496 "fun" ".local" "calc" "standardGeneric" "calc" 5#494 "convertToPA" 2#30 "generatePatchySpecies2" 
"c" "sample.int" "sample" 5#501 "FUN" 5#496 "lapply" "sapply" 5#496 "fun" ".local" "calc" "standardGeneric" "calc" 5#494 "convertToPA" 2#30 "generatePatchySpecies2" 
"sample.int" "sample" 5#501 "FUN" 5#496 "lapply" "sapply" 5#496 "fun" ".local" "calc" "standardGeneric" "calc" 5#494 "convertToPA" 2#30 "generatePatchySpecies2" 
5#498 "FUN" 5#496 "lapply" "sapply" 5#496 "fun" ".local" "calc" "standardGeneric" "calc" 5#494 "convertToPA" 2#30 "generatePatchySpecies2" 
5#501 "FUN" 5#496 "lapply" "sapply" 5#496 "fun" ".local" "calc" "standardGeneric" "calc" 5#494 "convertToPA" 2#30 "generatePatchySpecies2" 
"sample.int" "sample" 5#501 "FUN" 5#496 "lapply" "sapply" 5#496 "fun" ".local" "calc" "standardGeneric" "calc" 5#494 "convertToPA" 2#30 "generatePatchySpecies2" 
5#501 "FUN" 5#496 "lapply" "sapply" 5#496 "fun" ".local" "calc" "standardGeneric" "calc" 5#494 "convertToPA" 2#30 "generatePatchySpecies2" 
"sample.int" "sample" 5#501 "FUN" 5#496 "lapply" "sapply" 5#496 "fun" ".local" "calc" "standardGeneric" "calc" 5#494 "convertToPA" 2#30 "generatePatchySpecies2" 
"sample.int" "sample" 5#501 "FUN" 5#496 "lapply" "sapply" 5#496 "fun" ".local" "calc" "standardGeneric" "calc" 5#494 "convertToPA" 2#30 "generatePatchySpecies2" 
5#496 "FUN" 5#496 "lapply" "sapply" 5#496 "fun" ".local" "calc" "standardGeneric" "calc" 5#494 "convertToPA" 2#30 "generatePatchySpecies2" 
5#496 "FUN" 5#496 "lapply" "sapply" 5#496 "fun" ".local" "calc" "standardGeneric" "calc" 5#494 "convertToPA" 2#30 "generatePatchySpecies2" 
5#496 "lapply" "sapply" 5#496 "fun" ".local" "calc" "standardGeneric" "calc" 5#494 "convertToPA" 2#30 "generatePatchySpecies2" 
"min" "setMinMax" "standardGeneric" "setMinMax" "setValues" "standardGeneric" "setValues" ".local" "calc" "standardGeneric" "calc" 5#494 "convertToPA" 2#30 "generatePatchySpecies2" 
"unique.default" "unique" "factor" "table" ".local" "freq" "standardGeneric" "freq" 5#522 "convertToPA" 2#30 "generatePatchySpecies2" 
"unique.default" "unique" "factor" "table" ".local" "freq" "standardGeneric" "freq" 5#522 "convertToPA" 2#30 "generatePatchySpecies2" 
"as.character" "factor" "table" ".local" "freq" "standardGeneric" "freq" 5#522 "convertToPA" 2#30 "generatePatchySpecies2" 
"as.character" "factor" "table" ".local" "freq" "standardGeneric" "freq" 5#522 "convertToPA" 2#30 "generatePatchySpecies2" 
"unique.default" "unique" "factor" "table" ".local" "freq" "standardGeneric" "freq" 5#522 "convertToPA" 2#30 "generatePatchySpecies2" 
"unique.default" "unique" "factor" "table" ".local" "freq" "standardGeneric" "freq" 5#522 "convertToPA" 2#30 "generatePatchySpecies2" 
"as.character" "factor" "table" ".local" "freq" "standardGeneric" "freq" 5#522 "convertToPA" 2#30 "generatePatchySpecies2" 
"as.character" "factor" "table" ".local" "freq" "standardGeneric" "freq" 5#522 "convertToPA" 2#30 "generatePatchySpecies2" 
"==" "eval" "eval" "<Anonymous>" "setValues" "standardGeneric" "setValues" "==" "==" "==" "standardGeneric" "Which" 2#35 "generatePatchySpecies2" 
"match.call" "stopifnot" "CRS" ".local" "raster" "standardGeneric" "raster" ".local" "raster" "standardGeneric" "raster" ".local" "raster" "standardGeneric" "raster" "!" "!" "!" "[<-" 6#4 "generate.patches" 2#38 "generatePatchySpecies2" 
"standardGeneric" "initialize" "<Anonymous>" "extent" "standardGeneric" "extent" ".local" "extent" "standardGeneric" "extent" "ymax" "standardGeneric" "ymax" "rowFromY" ".local" "crop" "standardGeneric" "crop" ".local" "[<-" "[<-" 6#4 "generate.patches" 2#38 "generatePatchySpecies2" 
".getClassFromCache" "getClassDef" "is" "<Anonymous>" ".local" "extent" "standardGeneric" "extent" "ymax" "standardGeneric" "ymax" "rowFromY" ".local" "crop" "standardGeneric" "crop" ".local" "[<-" "[<-" 6#4 "generate.patches" 2#38 "generatePatchySpecies2" 
"max" "setMinMax" "standardGeneric" "setMinMax" ".replace" ".local" "[<-" "[<-" 6#4 "generate.patches" 2#38 "generatePatchySpecies2" 
"==" "which" 6#30 "generate.patches" 2#38 "generatePatchySpecies2" 
"==" "which" 6#30 "generate.patches" 2#38 "generatePatchySpecies2" 
"==" "which" 6#30 "generate.patches" 2#38 "generatePatchySpecies2" 
"matrix" 6#100 "expand" 6#28 "generate.patches" 2#38 "generatePatchySpecies2" 
"==" "which" 6#30 "generate.patches" 2#38 "generatePatchySpecies2" 
"==" "which" 6#30 "generate.patches" 2#38 "generatePatchySpecies2" 
"==" "which" 6#30 "generate.patches" 2#38 "generatePatchySpecies2" 
"max" "setMinMax" "standardGeneric" "setMinMax" "setValues" "standardGeneric" "setValues" 6#37 "generate.patches" 2#38 "generatePatchySpecies2" 
"all.equal" "all.equal.list" "all.equal" "attr.all.equal" "all.equal.default" "all.equal" "standardGeneric" "all.equal" "isTRUE" "compareRaster" "addLayer" "standardGeneric" "addLayer" 2#49 "generatePatchySpecies2" 
"matrix" ".local" "getValues" "standardGeneric" "getValues" ".rowSums" "setValues" "standardGeneric" "setValues" ".sum" "sum" "sum" "sum" ".makeRasterList" "addLayer" "standardGeneric" "addLayer" 2#55 "generatePatchySpecies2" 
".rowSums" "setValues" "standardGeneric" "setValues" ".sum" "sum" "sum" "sum" ".makeRasterList" "addLayer" "standardGeneric" "addLayer" 2#55 "generatePatchySpecies2" 
".rowSums" "setValues" "standardGeneric" "setValues" ".sum" "sum" "sum" "sum" ".makeRasterList" "addLayer" "standardGeneric" "addLayer" 2#55 "generatePatchySpecies2" 
".rowSums" "setValues" "standardGeneric" "setValues" ".sum" "sum" "sum" "sum" ".makeRasterList" "addLayer" "standardGeneric" "addLayer" 2#55 "generatePatchySpecies2" 
".rowSums" "setValues" "standardGeneric" "setValues" ".sum" "sum" "sum" "sum" ".makeRasterList" "addLayer" "standardGeneric" "addLayer" 2#55 "generatePatchySpecies2" 
"simplify2array" "sapply" "unlist" "nlayers" "standardGeneric" "nlayers" "dim" "dim" "dim" ".sum" "sum" "sum" "sum" ".makeRasterList" "addLayer" "standardGeneric" "addLayer" 2#57 "generatePatchySpecies2" 
".local" "getValues" "standardGeneric" "getValues" ".rowSums" "setValues" "standardGeneric" "setValues" ".sum" "sum" "sum" "sum" ".makeRasterList" "addLayer" "standardGeneric" "addLayer" 2#57 "generatePatchySpecies2" 
".rowSums" "setValues" "standardGeneric" "setValues" ".sum" "sum" "sum" "sum" ".makeRasterList" "addLayer" "standardGeneric" "addLayer" 2#57 "generatePatchySpecies2" 
".rowSums" "setValues" "standardGeneric" "setValues" ".sum" "sum" "sum" "sum" ".makeRasterList" "addLayer" "standardGeneric" "addLayer" 2#57 "generatePatchySpecies2" 
".rowSums" "setValues" "standardGeneric" "setValues" ".sum" "sum" "sum" "sum" ".makeRasterList" "addLayer" "standardGeneric" "addLayer" 2#57 "generatePatchySpecies2" 
"save" 2#61 "generatePatchySpecies2" 
"save" 2#61 "generatePatchySpecies2" 
"save" 2#61 "generatePatchySpecies2" 
"save" 2#61 "generatePatchySpecies2" 
"save" 2#61 "generatePatchySpecies2" 
"save" 2#61 "generatePatchySpecies2" 
"save" 2#61 "generatePatchySpecies2" 
"save" 2#61 "generatePatchySpecies2" 
"save" 2#61 "generatePatchySpecies2" 
"save" 2#61 "generatePatchySpecies2" 
"save" 2#61 "generatePatchySpecies2" 
"lengths" "unique" "simplify2array" "sapply" "unlist" "nlayers" "standardGeneric" "nlayers" "hasValues" ".local" "writeRaster" "standardGeneric" "writeRaster" 2#63 "generatePatchySpecies2" 
"lengths" "unique" "simplify2array" "sapply" "unlist" "nlayers" "standardGeneric" "nlayers" "hasValues" ".local" "writeRaster" "standardGeneric" "writeRaster" 2#63 "generatePatchySpecies2" 
"lengths" "unique" "simplify2array" "sapply" "unlist" "nlayers" "standardGeneric" "nlayers" "hasValues" ".local" "writeRaster" "standardGeneric" "writeRaster" 2#63 "generatePatchySpecies2" 
"matrix" ".local" "getValues" "standardGeneric" "getValues" "standardGeneric" "writeValues" ".local" "writeRaster" "standardGeneric" "writeRaster" 2#63 "generatePatchySpecies2" 
".local" "getValues" "standardGeneric" "getValues" "standardGeneric" "writeValues" ".local" "writeRaster" "standardGeneric" "writeRaster" 2#63 "generatePatchySpecies2" 
"is.infinite" "writeValues" "standardGeneric" "writeValues" ".local" "writeRaster" "standardGeneric" "writeRaster" 2#63 "generatePatchySpecies2" 
"is.infinite" "writeValues" "standardGeneric" "writeValues" ".local" "writeRaster" "standardGeneric" "writeRaster" 2#63 "generatePatchySpecies2" 
"is.infinite" "writeValues" "standardGeneric" "writeValues" ".local" "writeRaster" "standardGeneric" "writeRaster" 2#63 "generatePatchySpecies2" 
"is.infinite" "writeValues" "standardGeneric" "writeValues" ".local" "writeRaster" "standardGeneric" "writeRaster" 2#63 "generatePatchySpecies2" 
"is.na" "FUN" "FUN" "apply" "writeValues" "standardGeneric" "writeValues" ".local" "writeRaster" "standardGeneric" "writeRaster" 2#63 "generatePatchySpecies2" 
"is.na" "FUN" "FUN" "apply" "writeValues" "standardGeneric" "writeValues" ".local" "writeRaster" "standardGeneric" "writeRaster" 2#63 "generatePatchySpecies2" 
"is.na" "FUN" "FUN" "apply" "writeValues" "standardGeneric" "writeValues" ".local" "writeRaster" "standardGeneric" "writeRaster" 2#63 "generatePatchySpecies2" 
"is.na" "FUN" "FUN" "apply" "writeValues" "standardGeneric" "writeValues" ".local" "writeRaster" "standardGeneric" "writeRaster" 2#63 "generatePatchySpecies2" 
"is.na" "FUN" "FUN" "apply" "writeValues" "standardGeneric" "writeValues" ".local" "writeRaster" "standardGeneric" "writeRaster" 2#63 "generatePatchySpecies2" 
"writeBin" "writeValues" "standardGeneric" "writeValues" ".local" "writeRaster" "standardGeneric" "writeRaster" 2#63 "generatePatchySpecies2" 
"writeBin" "writeValues" "standardGeneric" "writeValues" ".local" "writeRaster" "standardGeneric" "writeRaster" 2#63 "generatePatchySpecies2" 
"writeBin" "writeValues" "standardGeneric" "writeValues" ".local" "writeRaster" "standardGeneric" "writeRaster" 2#63 "generatePatchySpecies2" 
"writeBin" "writeValues" "standardGeneric" "writeValues" ".local" "writeRaster" "standardGeneric" "writeRaster" 2#63 "generatePatchySpecies2" 
"writeBin" "writeValues" "standardGeneric" "writeValues" ".local" "writeRaster" "standardGeneric" "writeRaster" 2#63 "generatePatchySpecies2" 
"writeBin" "writeValues" "standardGeneric" "writeValues" ".local" "writeRaster" "standardGeneric" "writeRaster" 2#63 "generatePatchySpecies2" 
"standardGeneric" "as.vector" "writeBin" "writeValues" "standardGeneric" "writeValues" ".local" "writeRaster" "standardGeneric" "writeRaster" 2#63 "generatePatchySpecies2" 
"file.exists" "stopifnot" "readIniFile" ".rasterFromRasterFile" ".rasterObjectFromFile" "brick" "standardGeneric" "brick" ".stopRasterWriting" ".local" "writeRaster" "standardGeneric" "writeRaster" 2#63 "generatePatchySpecies2" 
"file.info" ".rasterFromRasterFile" ".rasterObjectFromFile" "brick" "standardGeneric" "brick" ".stopRasterWriting" ".local" "writeRaster" "standardGeneric" "writeRaster" 2#63 "generatePatchySpecies2" 
"file.info" ".rasterFromRasterFile" ".rasterObjectFromFile" "brick" "standardGeneric" "brick" ".stopRasterWriting" ".local" "writeRaster" "standardGeneric" "writeRaster" 2#63 "generatePatchySpecies2" 
"file.info" ".rasterFromRasterFile" ".rasterObjectFromFile" "brick" "standardGeneric" "brick" ".stopRasterWriting" ".local" "writeRaster" "standardGeneric" "writeRaster" 2#63 "generatePatchySpecies2" 
".Call" "<Anonymous>" "CRS" "doTryCatch" "tryCatchOne" "tryCatchList" "tryCatch" "try" ".newCRS" "projection<-" ".local" "brick" "standardGeneric" "brick" ".local" "brick" "standardGeneric" "brick" ".local" "brick" "standardGeneric" "brick" ".local" "writeRaster" "standardGeneric" "writeRaster" 2#65 "generatePatchySpecies2" 
"standardGeneric" "as.vector" "writeBin" "writeValues" "standardGeneric" "writeValues" ".local" "writeRaster" "standardGeneric" "writeRaster" 2#65 "generatePatchySpecies2" 
"trim" "standardGeneric" "trim" ".strSplitOnFirstToken" "FUN" "lapply" "readIniFile" ".rasterFromRasterFile" ".rasterObjectFromFile" "brick" "standardGeneric" "brick" ".stopRasterWriting" ".local" "writeRaster" "standardGeneric" "writeRaster" 2#65 "generatePatchySpecies2" 
"sum" ".deparseOpts" "deparse" "eval" "match.arg" "table" "standardGeneric" "as.matrix" ".uniqueNames" "validNames" "names<-" "names<-" "names<-" ".local" "writeRaster" "standardGeneric" "writeRaster" 2#67 "generatePatchySpecies2" 
".local" "getValues" "standardGeneric" "getValues" "standardGeneric" "writeValues" ".local" "writeRaster" "standardGeneric" "writeRaster" 2#67 "generatePatchySpecies2" 
"is.infinite" "writeValues" "standardGeneric" "writeValues" ".local" "writeRaster" "standardGeneric" "writeRaster" 2#67 "generatePatchySpecies2" 
"is.infinite" "writeValues" "standardGeneric" "writeValues" ".local" "writeRaster" "standardGeneric" "writeRaster" 2#67 "generatePatchySpecies2" 
"is.infinite" "writeValues" "standardGeneric" "writeValues" ".local" "writeRaster" "standardGeneric" "writeRaster" 2#67 "generatePatchySpecies2" 
"is.infinite" "writeValues" "standardGeneric" "writeValues" ".local" "writeRaster" "standardGeneric" "writeRaster" 2#67 "generatePatchySpecies2" 
"is.na" "FUN" "FUN" "apply" "writeValues" "standardGeneric" "writeValues" ".local" "writeRaster" "standardGeneric" "writeRaster" 2#67 "generatePatchySpecies2" 
"is.na" "FUN" "FUN" "apply" "writeValues" "standardGeneric" "writeValues" ".local" "writeRaster" "standardGeneric" "writeRaster" 2#67 "generatePatchySpecies2" 
"is.na" "FUN" "FUN" "apply" "writeValues" "standardGeneric" "writeValues" ".local" "writeRaster" "standardGeneric" "writeRaster" 2#67 "generatePatchySpecies2" 
"is.na" "FUN" "FUN" "apply" "writeValues" "standardGeneric" "writeValues" ".local" "writeRaster" "standardGeneric" "writeRaster" 2#67 "generatePatchySpecies2" 
"is.na" "FUN" "FUN" "apply" "writeValues" "standardGeneric" "writeValues" ".local" "writeRaster" "standardGeneric" "writeRaster" 2#67 "generatePatchySpecies2" 
"writeValues" "standardGeneric" "writeValues" ".local" "writeRaster" "standardGeneric" "writeRaster" 2#67 "generatePatchySpecies2" 
"mode" "writeBin" "writeValues" "standardGeneric" "writeValues" ".local" "writeRaster" "standardGeneric" "writeRaster" 2#67 "generatePatchySpecies2" 
"mode" "writeBin" "writeValues" "standardGeneric" "writeValues" ".local" "writeRaster" "standardGeneric" "writeRaster" 2#67 "generatePatchySpecies2" 
"mode" "writeBin" "writeValues" "standardGeneric" "writeValues" ".local" "writeRaster" "standardGeneric" "writeRaster" 2#67 "generatePatchySpecies2" 
"writeBin" "writeValues" "standardGeneric" "writeValues" ".local" "writeRaster" "standardGeneric" "writeRaster" 2#67 "generatePatchySpecies2" 
"writeBin" "writeValues" "standardGeneric" "writeValues" ".local" "writeRaster" "standardGeneric" "writeRaster" 2#67 "generatePatchySpecies2" 
"@<-" "projection<-" ".local" "brick" "standardGeneric" "brick" ".local" "brick" "standardGeneric" "brick" ".rasterFromRasterFile" ".rasterObjectFromFile" "brick" "standardGeneric" "brick" ".stopRasterWriting" ".local" "writeRaster" "standardGeneric" "writeRaster" 2#67 "generatePatchySpecies2" 
"file.info" ".rasterFromRasterFile" ".rasterObjectFromFile" "brick" "standardGeneric" "brick" ".stopRasterWriting" ".local" "writeRaster" "standardGeneric" "writeRaster" 2#67 "generatePatchySpecies2" 
"file.info" ".rasterFromRasterFile" ".rasterObjectFromFile" "brick" "standardGeneric" "brick" ".stopRasterWriting" ".local" "writeRaster" "standardGeneric" "writeRaster" 2#67 "generatePatchySpecies2" 
"file.info" ".rasterFromRasterFile" ".rasterObjectFromFile" "brick" "standardGeneric" "brick" ".stopRasterWriting" ".local" "writeRaster" "standardGeneric" "writeRaster" 2#67 "generatePatchySpecies2" 
"file.info" ".rasterFromRasterFile" ".rasterObjectFromFile" "brick" "standardGeneric" "brick" ".stopRasterWriting" ".local" "writeRaster" "standardGeneric" "writeRaster" 2#67 "generatePatchySpecies2" 
"file.info" ".rasterFromRasterFile" ".rasterObjectFromFile" "brick" "standardGeneric" "brick" ".stopRasterWriting" ".local" "writeRaster" "standardGeneric" "writeRaster" 2#67 "generatePatchySpecies2" 
"file.info" ".rasterFromRasterFile" ".rasterObjectFromFile" "brick" "standardGeneric" "brick" ".stopRasterWriting" ".local" "writeRaster" "standardGeneric" "writeRaster" 2#67 "generatePatchySpecies2" 
"file.info" ".rasterFromRasterFile" ".rasterObjectFromFile" "brick" "standardGeneric" "brick" ".stopRasterWriting" ".local" "writeRaster" "standardGeneric" "writeRaster" 2#67 "generatePatchySpecies2" 
"file.info" ".rasterFromRasterFile" ".rasterObjectFromFile" "brick" "standardGeneric" "brick" ".stopRasterWriting" ".local" "writeRaster" "standardGeneric" "writeRaster" 2#67 "generatePatchySpecies2" 
"file.info" ".rasterFromRasterFile" ".rasterObjectFromFile" "brick" "standardGeneric" "brick" ".stopRasterWriting" ".local" "writeRaster" "standardGeneric" "writeRaster" 2#67 "generatePatchySpecies2" 
"file.info" ".rasterFromRasterFile" ".rasterObjectFromFile" "brick" "standardGeneric" "brick" ".stopRasterWriting" ".local" "writeRaster" "standardGeneric" "writeRaster" 2#67 "generatePatchySpecies2" 
"file.info" ".rasterFromRasterFile" ".rasterObjectFromFile" "brick" "standardGeneric" "brick" ".stopRasterWriting" ".local" "writeRaster" "standardGeneric" "writeRaster" 2#67 "generatePatchySpecies2" 
"file.info" ".rasterFromRasterFile" ".rasterObjectFromFile" "brick" "standardGeneric" "brick" ".stopRasterWriting" ".local" "writeRaster" "standardGeneric" "writeRaster" 2#67 "generatePatchySpecies2" 
".local" "getValues" "standardGeneric" "getValues" "standardGeneric" "writeValues" ".local" "writeRaster" "standardGeneric" "writeRaster" 2#69 "generatePatchySpecies2" 
"standardGeneric" "as.vector" "writeBin" "writeValues" "standardGeneric" "writeValues" ".local" "writeRaster" "standardGeneric" "writeRaster" 2#69 "generatePatchySpecies2" 
".strSplitOnFirstToken" "FUN" "lapply" "readIniFile" ".rasterFromRasterFile" ".rasterObjectFromFile" "brick" "standardGeneric" "brick" ".stopRasterWriting" ".local" "writeRaster" "standardGeneric" "writeRaster" 2#69 "generatePatchySpecies2" 
".strSplitOnFirstToken" "FUN" "lapply" "readIniFile" ".rasterFromRasterFile" ".rasterObjectFromFile" "brick" "standardGeneric" "brick" ".stopRasterWriting" ".local" "writeRaster" "standardGeneric" "writeRaster" 2#69 "generatePatchySpecies2" 
".strSplitOnFirstToken" "FUN" "lapply" "readIniFile" ".rasterFromRasterFile" ".rasterObjectFromFile" "brick" "standardGeneric" "brick" ".stopRasterWriting" ".local" "writeRaster" "standardGeneric" "writeRaster" 2#69 "generatePatchySpecies2" 
".strSplitOnFirstToken" "FUN" "lapply" "readIniFile" ".rasterFromRasterFile" ".rasterObjectFromFile" "brick" "standardGeneric" "brick" ".stopRasterWriting" ".local" "writeRaster" "standardGeneric" "writeRaster" 2#69 "generatePatchySpecies2" 
".strSplitOnFirstToken" "FUN" "lapply" "readIniFile" ".rasterFromRasterFile" ".rasterObjectFromFile" "brick" "standardGeneric" "brick" ".stopRasterWriting" ".local" "writeRaster" "standardGeneric" "writeRaster" 2#69 "generatePatchySpecies2" 
".strSplitOnFirstToken" "FUN" "lapply" "readIniFile" ".rasterFromRasterFile" ".rasterObjectFromFile" "brick" "standardGeneric" "brick" ".stopRasterWriting" ".local" "writeRaster" "standardGeneric" "writeRaster" 2#69 "generatePatchySpecies2" 
".getClassFromCache" "getClassDef" "<Anonymous>" "validityMethod" "anyStrings" "validObject" "initialize" "standardGeneric" "initialize" "<Anonymous>" ".local" "brick" "standardGeneric" "brick" ".local" "brick" "standardGeneric" "brick" ".rasterFromRasterFile" ".rasterObjectFromFile" "brick" "standardGeneric" "brick" ".stopRasterWriting" ".local" "writeRaster" "standardGeneric" "writeRaster" 2#69 "generatePatchySpecies2" 
