line profiling: sample.interval=20000
".External" "Rprof" 
#File 1: ./scripts/A.R
".getClassFromCache" "getClassDef" "validObject" "initialize" "standardGeneric" "initialize" "<Anonymous>" ".local" "raster" "standardGeneric" "raster" ".local" "raster" "standardGeneric" "raster" ".local" "raster" "standardGeneric" "raster" "is.na" "is.na" "is.na" "[<-" 1#5 "generate.patches" 
"@<-" "setValues" "standardGeneric" "setValues" "is.na" "is.na" "is.na" "[<-" 1#5 "generate.patches" 
".identC" "checkAtAssignment" "extent" "standardGeneric" "extent" ".local" "extent" "standardGeneric" "extent" "xmax" "standardGeneric" "xmax" "colFromX" ".local" "crop" "standardGeneric" "crop" ".local" "[<-" "[<-" 1#5 "generate.patches" 
".getClassFromCache" "getClass" "checkAtAssignment" "extent" "standardGeneric" "extent" ".local" "extent" "standardGeneric" "extent" "ymin" "standardGeneric" "ymin" "rowFromY" ".local" "crop" "standardGeneric" "crop" ".local" "[<-" "[<-" 1#5 "generate.patches" 
"is.na" "which" "sample" 1#15 "generate.patches" 
"==" "which" 1#27 "generate.patches" 
"==" "which" 1#27 "generate.patches" 
"==" "which" 1#27 "generate.patches" 
"==" "which" 1#27 "generate.patches" 
"==" "which" 1#27 "generate.patches" 
#File 2: ./scripts/functions/patch_generation.R
2#89 "expand" 1#25 "generate.patches" 
2#89 "expand" 1#25 "generate.patches" 
2#89 "expand" 1#25 "generate.patches" 
2#89 "expand" 1#25 "generate.patches" 
2#89 "expand" 1#25 "generate.patches" 
2#89 "expand" 1#25 "generate.patches" 
2#89 "expand" 1#25 "generate.patches" 
2#89 "expand" 1#25 "generate.patches" 
2#89 "expand" 1#25 "generate.patches" 
2#89 "expand" 1#25 "generate.patches" 
2#89 "expand" 1#25 "generate.patches" 
2#89 "expand" 1#25 "generate.patches" 
2#89 "expand" 1#25 "generate.patches" 
2#89 "expand" 1#25 "generate.patches" 
2#89 "expand" 1#25 "generate.patches" 
2#89 "expand" 1#25 "generate.patches" 
2#89 "expand" 1#25 "generate.patches" 
2#89 "expand" 1#25 "generate.patches" 
2#89 "expand" 1#25 "generate.patches" 
2#89 "expand" 1#25 "generate.patches" 
2#89 "expand" 1#25 "generate.patches" 
2#89 "expand" 1#25 "generate.patches" 
2#89 "expand" 1#25 "generate.patches" 
2#89 "expand" 1#25 "generate.patches" 
2#89 "expand" 1#25 "generate.patches" 
2#89 "expand" 1#25 "generate.patches" 
2#89 "expand" 1#25 "generate.patches" 
2#89 "expand" 1#25 "generate.patches" 
2#89 "expand" 1#25 "generate.patches" 
2#89 "expand" 1#25 "generate.patches" 
2#89 "expand" 1#25 "generate.patches" 
2#89 "expand" 1#25 "generate.patches" 
"==" "which" 1#27 "generate.patches" 
"==" "which" 1#27 "generate.patches" 
"==" "which" 1#27 "generate.patches" 
"==" "which" 1#27 "generate.patches" 
"==" "which" 1#27 "generate.patches" 
"==" "which" 1#27 "generate.patches" 
"==" "which" 1#27 "generate.patches" 
"==" "which" 1#27 "generate.patches" 
"==" "which" 1#27 "generate.patches" 
"matrix" 2#96 "expand" 1#25 "generate.patches" 
2#54 "neighbors" "standardGeneric" "union" 2#67 "grow" 2#88 "expand" 1#25 "generate.patches" 
"==" "which" 1#27 "generate.patches" 
"==" "which" 1#27 "generate.patches" 
"==" "which" 1#27 "generate.patches" 
"==" "which" 1#27 "generate.patches" 
"==" "which" 1#27 "generate.patches" 
"==" "which" 1#27 "generate.patches" 
"==" "which" 1#27 "generate.patches" 
"==" "which" 1#27 "generate.patches" 
"matrix" 2#96 "expand" 1#25 "generate.patches" 
"matrix" 2#96 "expand" 1#25 "generate.patches" 
"==" "which" 1#27 "generate.patches" 
"==" "which" 1#27 "generate.patches" 
"==" "which" 1#27 "generate.patches" 
"==" "which" 1#27 "generate.patches" 
"as.vector" "setdiff" 2#58 "neighbors" "standardGeneric" "union" 2#67 "grow" 2#88 "expand" 1#25 "generate.patches" 
"==" "which" 1#27 "generate.patches" 
"==" "which" 1#27 "generate.patches" 
"==" "which" 1#27 "generate.patches" 
"unique" "union" "standardGeneric" "union" 2#67 "grow" 2#88 "expand" 1#25 "generate.patches" 
"unique" "setdiff" 2#58 "neighbors" "standardGeneric" "union" 2#67 "grow" 2#88 "expand" 1#25 "generate.patches" 
"==" "which" 1#27 "generate.patches" 
"==" "which" 1#27 "generate.patches" 
"==" "which" 1#27 "generate.patches" 
"min" "setMinMax" "standardGeneric" "setMinMax" "setValues" "standardGeneric" "setValues" 1#34 "generate.patches" 
1#34 "generate.patches" 
