line profiling: sample.interval=20000
#File 1: ./scripts/B.R
"is.na" "setValues" "standardGeneric" "setValues" "is.na" "is.na" "is.na" "[<-" 1#5 "generate.patches" 
"asNamespace" "getExportedValue" "::" "extent" "standardGeneric" "extent" ".local" "extent" "standardGeneric" "extent" "ymin" "standardGeneric" "ymin" "rowFromY" ".local" "crop" "standardGeneric" "crop" ".local" "[<-" "[<-" 1#5 "generate.patches" 
#File 2: ./scripts/functions/patch_generation_version3.1.R
"matrix" 2#92 "expand" 1#21 "FUN" "lapply" "sapply" "apply" 1#19 "generate.patches" 
2#84 "grow" 2#84 "expand" 1#21 "FUN" 1#19 "lapply" "sapply" "apply" 1#19 "generate.patches" 
"match" "unique" "setdiff" 2#54 "neighbors" "standardGeneric" "union" 2#63 "grow" 2#84 "expand" 1#21 "FUN" 1#19 "lapply" "sapply" "apply" 1#19 "generate.patches" 
2#54 "neighbors" "standardGeneric" "union" 2#63 "grow" 2#84 "expand" 1#21 "FUN" 1#19 "lapply" "sapply" "apply" 1#19 "generate.patches" 
2#93 "expand" 1#21 "FUN" 1#19 "lapply" "sapply" "apply" 1#19 "generate.patches" 
"array" "simplify2array" "sapply" "apply" 1#19 "generate.patches" 
"array" "simplify2array" "sapply" "apply" 1#19 "generate.patches" 
"aperm.default" "aperm" "apply" 1#19 "generate.patches" 
"apply" 1#19 "generate.patches" 
"apply" 1#19 "generate.patches" 
"apply" 1#19 "generate.patches" 
"apply" 1#19 "generate.patches" 
"apply" 1#19 "generate.patches" 
"apply" 1#19 "generate.patches" 
"apply" 1#19 "generate.patches" 
"apply" 1#19 "generate.patches" 
"apply" 1#19 "generate.patches" 
"apply" 1#19 "generate.patches" 
"apply" 1#19 "generate.patches" 
"apply" 1#19 "generate.patches" 
"apply" 1#19 "generate.patches" 
"apply" 1#19 "generate.patches" 
"apply" 1#19 "generate.patches" 
"apply" 1#19 "generate.patches" 
"apply" 1#19 "generate.patches" 
"FUN" "apply" 1#19 "generate.patches" 
"FUN" "apply" 1#19 "generate.patches" 
"FUN" "apply" 1#19 "generate.patches" 
"apply" 1#19 "generate.patches" 
"apply" 1#19 "generate.patches" 
"apply" 1#19 "generate.patches" 
"FUN" "apply" 1#19 "generate.patches" 
"FUN" "apply" 1#19 "generate.patches" 
"FUN" "apply" 1#19 "generate.patches" 
"FUN" "apply" 1#19 "generate.patches" 
"apply" 1#19 "generate.patches" 
"FUN" "apply" 1#19 "generate.patches" 
"FUN" "apply" 1#19 "generate.patches" 
"FUN" "apply" 1#19 "generate.patches" 
"FUN" "apply" 1#19 "generate.patches" 
"FUN" "apply" 1#19 "generate.patches" 
"FUN" "apply" 1#19 "generate.patches" 
"FUN" "apply" 1#19 "generate.patches" 
"FUN" "apply" 1#19 "generate.patches" 
"FUN" "apply" 1#19 "generate.patches" 
"FUN" "apply" 1#19 "generate.patches" 
"max" "setMinMax" "standardGeneric" "setMinMax" "setValues" "standardGeneric" "setValues" 1#30 "generate.patches" 
