line profiling: sample.interval=20000
#File 1: ./scripts/C.R
"is.na" "setValues" "standardGeneric" "setValues" "is.na" "is.na" "is.na" "[<-" 1#5 "generate.patches" 
"ymax" "rowFromY" ".local" "crop" "standardGeneric" "crop" ".local" "[<-" "[<-" 1#5 "generate.patches" 
"is.na" "which" "sample" 1#15 "generate.patches" 
#File 2: ./scripts/functions/patch_generation_version3.2.R
"standardGeneric" "union" 2#63 "grow" 2#84 "expand" 1#21 "FUN" 1#19 "lapply" 1#19 "generate.patches" 
"match" "unique" "setdiff" 2#54 "neighbors" "standardGeneric" "union" 2#63 "grow" 2#84 "expand" 1#21 "FUN" 1#19 "lapply" 1#19 "generate.patches" 
"unique" "setdiff" 2#54 "neighbors" "standardGeneric" "union" 2#63 "grow" 2#84 "expand" 1#21 "FUN" 1#19 "lapply" 1#19 "generate.patches" 
"standardGeneric" "union" 2#63 "grow" 2#84 "expand" 1#21 "FUN" 1#19 "lapply" 1#19 "generate.patches" 
"matrix" "standardGeneric" "rowSums" 1#23 "generate.patches" 
"matrix" "standardGeneric" "rowSums" 1#23 "generate.patches" 
"<Anonymous>" "rowSums" "standardGeneric" "rowSums" 1#23 "generate.patches" 
"<Anonymous>" "rowSums" "standardGeneric" "rowSums" 1#23 "generate.patches" 
"<Anonymous>" "rowSums" "standardGeneric" "rowSums" 1#23 "generate.patches" 
"<Anonymous>" "rowSums" "standardGeneric" "rowSums" 1#23 "generate.patches" 
"<Anonymous>" "rowSums" "standardGeneric" "rowSums" 1#23 "generate.patches" 
"<Anonymous>" "rowSums" "standardGeneric" "rowSums" 1#23 "generate.patches" 
"<Anonymous>" "rowSums" "standardGeneric" "rowSums" 1#23 "generate.patches" 
"<Anonymous>" "rowSums" "standardGeneric" "rowSums" 1#23 "generate.patches" 
"<Anonymous>" "rowSums" "standardGeneric" "rowSums" 1#23 "generate.patches" 
"<Anonymous>" "rowSums" "standardGeneric" "rowSums" 1#23 "generate.patches" 
"<Anonymous>" "rowSums" "standardGeneric" "rowSums" 1#23 "generate.patches" 
"<Anonymous>" "rowSums" "standardGeneric" "rowSums" 1#23 "generate.patches" 
"<Anonymous>" "rowSums" "standardGeneric" "rowSums" 1#23 "generate.patches" 
"<Anonymous>" "rowSums" "standardGeneric" "rowSums" 1#23 "generate.patches" 
"@<-" "setValues" "standardGeneric" "setValues" 1#30 "generate.patches" 
"setValues" "standardGeneric" "setValues" 1#30 "generate.patches" 
"setValues" "standardGeneric" "setValues" 1#30 "generate.patches" 
"setValues" "standardGeneric" "setValues" 1#30 "generate.patches" 
"setValues" "standardGeneric" "setValues" 1#30 "generate.patches" 
"setValues" "standardGeneric" "setValues" 1#30 "generate.patches" 
"setValues" "standardGeneric" "setValues" 1#30 "generate.patches" 
"setValues" "standardGeneric" "setValues" 1#30 "generate.patches" 
"setValues" "standardGeneric" "setValues" 1#30 "generate.patches" 
"setValues" "standardGeneric" "setValues" 1#30 "generate.patches" 
"setValues" "standardGeneric" "setValues" 1#30 "generate.patches" 
"setValues" "standardGeneric" "setValues" 1#30 "generate.patches" 
"setValues" "standardGeneric" "setValues" 1#30 "generate.patches" 
"setValues" "standardGeneric" "setValues" 1#30 "generate.patches" 
"setValues" "standardGeneric" "setValues" 1#30 "generate.patches" 
"setValues" "standardGeneric" "setValues" 1#30 "generate.patches" 
".deparseOpts" "deparse" "eval" "match.arg" "table" "standardGeneric" "as.matrix" ".uniqueNames" "validNames" "names" "names" "names" "cat" "<Anonymous>" "standardGeneric" "<Anonymous>" 
