line profiling: sample.interval=20000
".External" "Rprof" 
#File 1: ./scripts/D.R
"is.na" "setValues" "standardGeneric" "setValues" "is.na" "is.na" "is.na" "[<-" 1#5 "generate.patches" 
"is.na" "setValues" "standardGeneric" "setValues" "is.na" "is.na" "is.na" "[<-" 1#5 "generate.patches" 
"<Anonymous>" ".local" "extent" "standardGeneric" "extent" "ymax" "standardGeneric" "ymax" "rowFromY" ".local" "crop" "standardGeneric" "crop" ".local" "[<-" "[<-" 1#5 "generate.patches" 
"getClassDef" "<Anonymous>" ".local" "extent" "standardGeneric" "extent" "ymin" "standardGeneric" "ymin" "rowFromY" ".local" "crop" "standardGeneric" "crop" ".local" "[<-" "[<-" 1#5 "generate.patches" 
"is.na" "which" "sample" 1#15 "generate.patches" 
"!" "which" "sample" 1#15 "generate.patches" 
#File 2: ./scripts/functions/patch_generation_version3.3.R
2#62 "grow" 2#83 "expand" 1#21 "FUN" 1#19 "lapply" 1#19 "generate.patches" 
"is.factor" "unique.default" "unique" "setdiff" 2#53 "neighbors" "standardGeneric" "union" 2#62 "grow" 2#83 "expand" 1#21 "FUN" 1#19 "lapply" 1#19 "generate.patches" 
"matrix" 2#91 "expand" 1#21 "FUN" 1#19 "lapply" 1#19 "generate.patches" 
2#49 "neighbors" "standardGeneric" "union" 2#62 "grow" 2#83 "expand" 1#21 "FUN" 1#19 "lapply" 1#19 "generate.patches" 
2#92 "expand" 1#21 "FUN" 1#19 "lapply" 1#19 "generate.patches" 
"unique.default" "unique" "setdiff" 2#53 "neighbors" "standardGeneric" "union" 2#62 "grow" 2#83 "expand" 1#21 "FUN" 1#19 "lapply" 1#19 "generate.patches" 
2#48 "neighbors" "standardGeneric" "union" 2#62 "grow" 2#83 "expand" 1#21 "FUN" 1#19 "lapply" 1#19 "generate.patches" 
"matrix" 2#91 "expand" 1#21 "FUN" 1#19 "lapply" 1#19 "generate.patches" 
"==" "which" 1#23 "FUN" 1#23 "lapply" "unlist" 1#23 "generate.patches" 
"==" "which" 1#23 "FUN" 1#23 "lapply" "unlist" 1#23 "generate.patches" 
"==" "which" 1#23 "FUN" 1#23 "lapply" "unlist" 1#23 "generate.patches" 
"==" "which" 1#23 "FUN" 1#23 "lapply" "unlist" 1#23 "generate.patches" 
"==" "which" 1#23 "FUN" 1#23 "lapply" "unlist" 1#23 "generate.patches" 
"==" "which" 1#23 "FUN" 1#23 "lapply" "unlist" 1#23 "generate.patches" 
"==" "which" 1#23 "FUN" 1#23 "lapply" "unlist" 1#23 "generate.patches" 
"==" "which" 1#23 "FUN" 1#23 "lapply" "unlist" 1#23 "generate.patches" 
"==" "which" 1#23 "FUN" 1#23 "lapply" "unlist" 1#23 "generate.patches" 
"==" "which" 1#23 "FUN" 1#23 "lapply" "unlist" 1#23 "generate.patches" 
"==" "which" 1#23 "FUN" 1#23 "lapply" "unlist" 1#23 "generate.patches" 
"==" "which" 1#23 "FUN" 1#23 "lapply" "unlist" 1#23 "generate.patches" 
"==" "which" 1#23 "FUN" 1#23 "lapply" "unlist" 1#23 "generate.patches" 
"==" "which" 1#23 "FUN" 1#23 "lapply" "unlist" 1#23 "generate.patches" 
"==" "which" 1#23 "FUN" 1#23 "lapply" "unlist" 1#23 "generate.patches" 
"==" "which" 1#23 "FUN" 1#23 "lapply" "unlist" 1#23 "generate.patches" 
"==" "which" 1#23 "FUN" 1#23 "lapply" "unlist" 1#23 "generate.patches" 
"==" "which" 1#23 "FUN" 1#23 "lapply" "unlist" 1#23 "generate.patches" 
"==" "which" 1#23 "FUN" 1#23 "lapply" "unlist" 1#23 "generate.patches" 
"==" "which" 1#23 "FUN" 1#23 "lapply" "unlist" 1#23 "generate.patches" 
"==" "which" 1#23 "FUN" 1#23 "lapply" "unlist" 1#23 "generate.patches" 
"==" "which" 1#23 "FUN" 1#23 "lapply" "unlist" 1#23 "generate.patches" 
"==" "which" 1#23 "FUN" 1#23 "lapply" "unlist" 1#23 "generate.patches" 
"==" "which" 1#23 "FUN" 1#23 "lapply" "unlist" 1#23 "generate.patches" 
"==" "which" 1#23 "FUN" 1#23 "lapply" "unlist" 1#23 "generate.patches" 
"==" "which" 1#23 "FUN" 1#23 "lapply" "unlist" 1#23 "generate.patches" 
"==" "which" 1#23 "FUN" 1#23 "lapply" "unlist" 1#23 "generate.patches" 
"==" "which" 1#23 "FUN" 1#23 "lapply" "unlist" 1#23 "generate.patches" 
"==" "which" 1#23 "FUN" 1#23 "lapply" "unlist" 1#23 "generate.patches" 
"==" "which" 1#23 "FUN" 1#23 "lapply" "unlist" 1#23 "generate.patches" 
"min" "setMinMax" "standardGeneric" "setMinMax" "setValues" "standardGeneric" "setValues" 1#29 "generate.patches" 
"min" "setMinMax" "standardGeneric" "setMinMax" "setValues" "standardGeneric" "setValues" 1#29 "generate.patches" 
".identC" "possibleExtends" "checkAtAssignment" "setMinMax" "standardGeneric" "setMinMax" "setValues" "standardGeneric" "setValues" 1#29 "generate.patches" 
".identC" "possibleExtends" "checkAtAssignment" "setMinMax" "standardGeneric" "setMinMax" "setValues" "standardGeneric" "setValues" 1#29 "generate.patches" 
".identC" "possibleExtends" "checkAtAssignment" "setMinMax" "standardGeneric" "setMinMax" "setValues" "standardGeneric" "setValues" 1#29 "generate.patches" 
".identC" "possibleExtends" "checkAtAssignment" "setMinMax" "standardGeneric" "setMinMax" "setValues" "standardGeneric" "setValues" 1#29 "generate.patches" 
".identC" "possibleExtends" "checkAtAssignment" "setMinMax" "standardGeneric" "setMinMax" "setValues" "standardGeneric" "setValues" 1#29 "generate.patches" 
".identC" "possibleExtends" "checkAtAssignment" "setMinMax" "standardGeneric" "setMinMax" "setValues" "standardGeneric" "setValues" 1#29 "generate.patches" 
".identC" "possibleExtends" "checkAtAssignment" "setMinMax" "standardGeneric" "setMinMax" "setValues" "standardGeneric" "setValues" 1#29 "generate.patches" 
".identC" "possibleExtends" "checkAtAssignment" "setMinMax" "standardGeneric" "setMinMax" "setValues" "standardGeneric" "setValues" 1#29 "generate.patches" 
".identC" "possibleExtends" "checkAtAssignment" "setMinMax" "standardGeneric" "setMinMax" "setValues" "standardGeneric" "setValues" 1#29 "generate.patches" 
".identC" "possibleExtends" "checkAtAssignment" "setMinMax" "standardGeneric" "setMinMax" "setValues" "standardGeneric" "setValues" 1#29 "generate.patches" 
".identC" "possibleExtends" "checkAtAssignment" "setMinMax" "standardGeneric" "setMinMax" "setValues" "standardGeneric" "setValues" 1#29 "generate.patches" 
".identC" "possibleExtends" "checkAtAssignment" "setMinMax" "standardGeneric" "setMinMax" "setValues" "standardGeneric" "setValues" 1#29 "generate.patches" 
".identC" "possibleExtends" "checkAtAssignment" "setMinMax" "standardGeneric" "setMinMax" "setValues" "standardGeneric" "setValues" 1#29 "generate.patches" 
".identC" "possibleExtends" "checkAtAssignment" "setMinMax" "standardGeneric" "setMinMax" "setValues" "standardGeneric" "setValues" 1#29 "generate.patches" 
".identC" "possibleExtends" "checkAtAssignment" "setMinMax" "standardGeneric" "setMinMax" "setValues" "standardGeneric" "setValues" 1#29 "generate.patches" 
".identC" "possibleExtends" "checkAtAssignment" "setMinMax" "standardGeneric" "setMinMax" "setValues" "standardGeneric" "setValues" 1#29 "generate.patches" 
".identC" "possibleExtends" "checkAtAssignment" "setMinMax" "standardGeneric" "setMinMax" "setValues" "standardGeneric" "setValues" 1#29 "generate.patches" 
".identC" "possibleExtends" "checkAtAssignment" "setMinMax" "standardGeneric" "setMinMax" "setValues" "standardGeneric" "setValues" 1#29 "generate.patches" 
".identC" "possibleExtends" "checkAtAssignment" "setMinMax" "standardGeneric" "setMinMax" "setValues" "standardGeneric" "setValues" 1#29 "generate.patches" 
".identC" "possibleExtends" "checkAtAssignment" "setMinMax" "standardGeneric" "setMinMax" "setValues" "standardGeneric" "setValues" 1#29 "generate.patches" 
".identC" "possibleExtends" "checkAtAssignment" "setMinMax" "standardGeneric" "setMinMax" "setValues" "standardGeneric" "setValues" 1#29 "generate.patches" 
".identC" "possibleExtends" "checkAtAssignment" "setMinMax" "standardGeneric" "setMinMax" "setValues" "standardGeneric" "setValues" 1#29 "generate.patches" 
".identC" "possibleExtends" "checkAtAssignment" "setMinMax" "standardGeneric" "setMinMax" "setValues" "standardGeneric" "setValues" 1#29 "generate.patches" 
".identC" "possibleExtends" "checkAtAssignment" "setMinMax" "standardGeneric" "setMinMax" "setValues" "standardGeneric" "setValues" 1#29 "generate.patches" 
".identC" "possibleExtends" "checkAtAssignment" "setMinMax" "standardGeneric" "setMinMax" "setValues" "standardGeneric" "setValues" 1#29 "generate.patches" 
".identC" "possibleExtends" "checkAtAssignment" "setMinMax" "standardGeneric" "setMinMax" "setValues" "standardGeneric" "setValues" 1#29 "generate.patches" 
".identC" "possibleExtends" "checkAtAssignment" "setMinMax" "standardGeneric" "setMinMax" "setValues" "standardGeneric" "setValues" 1#29 "generate.patches" 
".identC" "possibleExtends" "checkAtAssignment" "setMinMax" "standardGeneric" "setMinMax" "setValues" "standardGeneric" "setValues" 1#29 "generate.patches" 
".identC" "possibleExtends" "checkAtAssignment" "setMinMax" "standardGeneric" "setMinMax" "setValues" "standardGeneric" "setValues" 1#29 "generate.patches" 
".identC" "possibleExtends" "checkAtAssignment" "setMinMax" "standardGeneric" "setMinMax" "setValues" "standardGeneric" "setValues" 1#29 "generate.patches" 
"standardGeneric" "as.matrix" ".uniqueNames" "validNames" "names" "names" "names" "cat" "<Anonymous>" "standardGeneric" "<Anonymous>" 
