line profiling: sample.interval=20000
".External" "Rprof" 
#File 1: ./scripts/F.R
"is.na" "which" "sample" 1#16 "generate.patches" 
"==" "which" 1#29 "generate.patches" 
#File 2: ./scripts/functions/patch_generation_version4.1.R
2#101 "expand" 1#26 "generate.patches" 
2#71 "grow" 2#92 "expand" 1#26 "generate.patches" 
2#71 "grow" 2#92 "expand" 1#26 "generate.patches" 
2#71 "grow" 2#92 "expand" 1#26 "generate.patches" 
2#71 "grow" 2#92 "expand" 1#26 "generate.patches" 
2#71 "grow" 2#92 "expand" 1#26 "generate.patches" 
2#71 "grow" 2#92 "expand" 1#26 "generate.patches" 
2#71 "grow" 2#92 "expand" 1#26 "generate.patches" 
2#71 "grow" 2#92 "expand" 1#26 "generate.patches" 
2#71 "grow" 2#92 "expand" 1#26 "generate.patches" 
2#71 "grow" 2#92 "expand" 1#26 "generate.patches" 
2#71 "grow" 2#92 "expand" 1#26 "generate.patches" 
2#71 "grow" 2#92 "expand" 1#26 "generate.patches" 
2#71 "grow" 2#92 "expand" 1#26 "generate.patches" 
2#71 "grow" 2#92 "expand" 1#26 "generate.patches" 
2#71 "grow" 2#92 "expand" 1#26 "generate.patches" 
2#71 "grow" 2#92 "expand" 1#26 "generate.patches" 
2#71 "grow" 2#92 "expand" 1#26 "generate.patches" 
2#71 "grow" 2#92 "expand" 1#26 "generate.patches" 
2#71 "grow" 2#92 "expand" 1#26 "generate.patches" 
2#71 "grow" 2#92 "expand" 1#26 "generate.patches" 
2#71 "grow" 2#92 "expand" 1#26 "generate.patches" 
2#71 "grow" 2#92 "expand" 1#26 "generate.patches" 
2#71 "grow" 2#92 "expand" 1#26 "generate.patches" 
2#71 "grow" 2#92 "expand" 1#26 "generate.patches" 
2#71 "grow" 2#92 "expand" 1#26 "generate.patches" 
2#71 "grow" 2#92 "expand" 1#26 "generate.patches" 
2#71 "grow" 2#92 "expand" 1#26 "generate.patches" 
2#71 "grow" 2#92 "expand" 1#26 "generate.patches" 
2#71 "grow" 2#92 "expand" 1#26 "generate.patches" 
2#71 "grow" 2#92 "expand" 1#26 "generate.patches" 
2#71 "grow" 2#92 "expand" 1#26 "generate.patches" 
2#71 "grow" 2#92 "expand" 1#26 "generate.patches" 
2#71 "grow" 2#92 "expand" 1#26 "generate.patches" 
2#71 "grow" 2#92 "expand" 1#26 "generate.patches" 
"==" "which" 1#29 "generate.patches" 
"matrix" 2#100 "expand" 1#26 "generate.patches" 
"matrix" 2#100 "expand" 1#26 "generate.patches" 
"==" "which" 1#29 "generate.patches" 
"==" "which" 1#29 "generate.patches" 
"==" "which" 1#29 "generate.patches" 
"==" "which" 1#29 "generate.patches" 
"==" "which" 1#29 "generate.patches" 
"==" "which" 1#29 "generate.patches" 
"==" 2#61 "neighbors" "standardGeneric" "union" 2#71 "grow" 2#92 "expand" 1#26 "generate.patches" 
"==" "which" 1#29 "generate.patches" 
"==" "which" 1#29 "generate.patches" 
"matrix" 2#100 "expand" 1#26 "generate.patches" 
"==" "which" 1#29 "generate.patches" 
"==" "which" 1#29 "generate.patches" 
"==" "which" 1#29 "generate.patches" 
"==" "which" 1#29 "generate.patches" 
"==" "which" 1#29 "generate.patches" 
"==" "which" 1#29 "generate.patches" 
"&" 2#58 "neighbors" "standardGeneric" "union" 2#71 "grow" 2#92 "expand" 1#26 "generate.patches" 
"==" "which" 1#29 "generate.patches" 
"==" "which" 1#29 "generate.patches" 
"standardGeneric" "union" 2#71 "grow" 2#92 "expand" 1#26 "generate.patches" 
"matrix" 2#100 "expand" 1#26 "generate.patches" 
"==" "which" 1#29 "generate.patches" 
"==" "which" 1#29 "generate.patches" 
"==" "which" 1#29 "generate.patches" 
"==" "which" 1#29 "generate.patches" 
"==" "which" 1#29 "generate.patches" 
2#57 "neighbors" "standardGeneric" "union" 2#71 "grow" 2#92 "expand" 1#26 "generate.patches" 
"==" "which" 1#29 "generate.patches" 
"==" "which" 1#29 "generate.patches" 
"matrix" 2#100 "expand" 1#26 "generate.patches" 
"==" "which" 1#29 "generate.patches" 
"==" "which" 1#29 "generate.patches" 
"==" "which" 1#29 "generate.patches" 
"is.na" 1#35 "generate.patches" 
