sample.interval=20000
"standardGeneric" "plot" 
"standardGeneric" "plot" 
"standardGeneric" "plot" 
"standardGeneric" "plot" 
"standardGeneric" "plot" 
"standardGeneric" "plot" 
"standardGeneric" "plot" 
"standardGeneric" "plot" 
"%w/o%" "strSub" "str.default" "str" "<Anonymous>" "do.call" "strSub" "str.default" "str" "<Anonymous>" "do.call" "strSub" "str.default" "str" "<Anonymous>" "do.call" "strSub" "str.default" "str" "doTryCatch" "tryCatchOne" "tryCatchList" "tryCatch" "try" "eval" "eval" "withVisible" "evalVis" "capture.output" ".rs.valueFromStr" "doTryCatch" "tryCatchOne" "tryCatchList" "tryCatch" ".rs.valueContents" "<Anonymous>" 
"paste" "do.call" "strSub" "str.default" "str" "<Anonymous>" "do.call" "strSub" "str.default" "str" "doTryCatch" "tryCatchOne" "tryCatchList" "tryCatch" "try" "eval" "eval" "withVisible" "evalVis" "capture.output" ".rs.valueFromStr" "doTryCatch" "tryCatchOne" "tryCatchList" "tryCatch" ".rs.valueContents" "<Anonymous>" 
"objects" "match" "checkConflicts" "attach" "attachNamespace" "doTryCatch" "tryCatchOne" "tryCatchList" "tryCatch" "try" "library" 
"objects" "match" "checkConflicts" "attach" "attachNamespace" "doTryCatch" "tryCatchOne" "tryCatchList" "tryCatch" "try" "library" 
"objects" "match" "checkConflicts" "library" 
"readLines" "readOutput" "aprof" 
"strsplit" "FUN" "lapply" "sapply" "readOutput" "aprof" 
"rev" "FUN" "lapply" "sapply" "readOutput" "aprof" 
"gsub" "rev" "FUN" "lapply" "sapply" "readOutput" "aprof" 
"structure" "object.size" "<Anonymous>" 
"grep" "FUN" "lapply" "sapply" "readLineDensity" "plot.aprof" "plot" "standardGeneric" "plot" 
"gsub" "FUN" "lapply" "sapply" "readLineDensity" "plot.aprof" "plot" "standardGeneric" "plot" 
"gsub" "FUN" "lapply" "sapply" "readLineDensity" "plot.aprof" "plot" "standardGeneric" "plot" 
"paste" "grep" "FUN" "lapply" "sapply" "unlist" "readLineDensity" "plot.aprof" "plot" "standardGeneric" "plot" 
"unique.default" "FUN" "lapply" "sapply" "unlist" "table" "readLineDensity" "plot.aprof" "plot" "standardGeneric" "plot" 
"gsub" "FUN" "lapply" "sapply" "profileplot" 
"gsub" "FUN" "lapply" "sapply" "profileplot" 
"grep" "FUN" "lapply" "sapply" "unlist" "profileplot" 
"FUN" "lapply" "sapply" "profileplot" 
"grep" "FUN" "lapply" "sapply" "readLineDensity" "profileplot" 
"gsub" "FUN" "lapply" "sapply" "readLineDensity" "profileplot" 
"paste" "grep" "FUN" "lapply" "sapply" "unlist" "readLineDensity" "profileplot" 
"FUN" "lapply" "sapply" "unique" "readLineDensity" "profileplot" 
".External2" "plot.new" "plot.default" "<Anonymous>" "profileplot" 
".External2" "plot.new" "plot.default" "<Anonymous>" "profileplot" 
"asNamespace" "getExportedValue" "::" "profileplot" 
"grep" "FUN" "lapply" "sapply" "readLineDensity" "summary.aprof" "summary" "standardGeneric" "summary" 
"gsub" "FUN" "lapply" "sapply" "readLineDensity" "summary.aprof" "summary" "standardGeneric" "summary" 
"gsub" "FUN" "lapply" "sapply" "readLineDensity" "summary.aprof" "summary" "standardGeneric" "summary" 
"FUN" "lapply" "sapply" "unlist" "readLineDensity" "summary.aprof" "summary" "standardGeneric" "summary" 
"FUN" "lapply" "sapply" "unlist" "table" "readLineDensity" "summary.aprof" "summary" "standardGeneric" "summary" 
"ls" "FUN" "lapply" ".rs.objectsOnSearchPath" ".rs.getCompletionsSearchPath" "Reduce" "<Anonymous>" 
"ls" "FUN" "lapply" ".rs.objectsOnSearchPath" ".rs.getCompletionsSearchPath" "Reduce" "<Anonymous>" 
"ls" "FUN" "lapply" ".rs.objectsOnSearchPath" ".rs.getCompletionsSearchPath" "Reduce" "<Anonymous>" 
"ls" "FUN" "lapply" ".rs.objectsOnSearchPath" ".rs.getCompletionsSearchPath" "Reduce" "<Anonymous>" 
".Call" ".local" "initialize" "standardGeneric" "initialize" "new" "<Anonymous>" ".rasterFromGDAL" "doTryCatch" "tryCatchOne" "tryCatchList" "tryCatch" "try" ".rasterObjectFromFile" ".local" "raster" "standardGeneric" "raster" ".local" "stack" "standardGeneric" "stack" ".local" "stack" "standardGeneric" "stack" ".worldclim" "getData" "eval" "eval" "withVisible" "source" 
".Call" ".local" "initialize" "standardGeneric" "initialize" "new" "<Anonymous>" ".rasterFromGDAL" "doTryCatch" "tryCatchOne" "tryCatchList" "tryCatch" "try" ".rasterObjectFromFile" ".local" "raster" "standardGeneric" "raster" ".local" "stack" "standardGeneric" "stack" ".local" "stack" "standardGeneric" "stack" ".worldclim" "getData" "eval" "eval" "withVisible" "source" 
".Call" ".local" "initialize" "standardGeneric" "initialize" "new" "<Anonymous>" ".rasterFromGDAL" "doTryCatch" "tryCatchOne" "tryCatchList" "tryCatch" "try" ".rasterObjectFromFile" ".local" "raster" "standardGeneric" "raster" ".local" "stack" "standardGeneric" "stack" ".local" "stack" "standardGeneric" "stack" ".worldclim" "getData" "eval" "eval" "withVisible" "source" 
"sort" "unlist" "extent" "standardGeneric" "extent" ".local" "extent" "standardGeneric" "extent" "<Anonymous>" "validityMethod" "anyStrings" "validObject" "initialize" "standardGeneric" "initialize" "<Anonymous>" ".local" "raster" "standardGeneric" "raster" ".rasterFromGDAL" "doTryCatch" "tryCatchOne" "tryCatchList" "tryCatch" "try" ".rasterObjectFromFile" ".local" "raster" "standardGeneric" "raster" ".local" "stack" "standardGeneric" "stack" ".local" "stack" "standardGeneric" "stack" ".worldclim" "getData" "eval" "eval" "withVisible" "source" 
".getClassFromCache" "getClassDef" "initialize" "standardGeneric" "initialize" "<Anonymous>" ".local" "raster" "standardGeneric" "raster" ".rasterFromGDAL" "doTryCatch" "tryCatchOne" "tryCatchList" "tryCatch" "try" ".rasterObjectFromFile" ".local" "raster" "standardGeneric" "raster" ".local" "stack" "standardGeneric" "stack" ".local" "stack" "standardGeneric" "stack" ".worldclim" "getData" "eval" "eval" "withVisible" "source" 
"<Anonymous>" ".local" "extent" "standardGeneric" "extent" "<Anonymous>" "validityMethod" "anyStrings" "validObject" "initialize" "standardGeneric" "initialize" "<Anonymous>" ".local" "raster" "standardGeneric" "raster" ".rasterFromGDAL" "doTryCatch" "tryCatchOne" "tryCatchList" "tryCatch" "try" ".rasterObjectFromFile" ".local" "raster" "standardGeneric" "raster" ".local" "stack" "standardGeneric" "stack" ".local" "stack" "standardGeneric" "stack" ".worldclim" "getData" "eval" "eval" "withVisible" "source" 
"doTryCatch" "tryCatchOne" "tryCatchList" "tryCatch" "try" "validObject" "initialize" "standardGeneric" "initialize" "<Anonymous>" ".local" "raster" "standardGeneric" "raster" ".rasterFromGDAL" "doTryCatch" "tryCatchOne" "tryCatchList" "tryCatch" "try" ".rasterObjectFromFile" ".local" "raster" "standardGeneric" "raster" ".local" "stack" "standardGeneric" "stack" ".local" "stack" "standardGeneric" "stack" ".worldclim" "getData" "eval" "eval" "withVisible" "source" 
".requirePackage" ".classEnv" "as" "standardGeneric" "extent" "<Anonymous>" "validityMethod" "anyStrings" "validObject" "initialize" "standardGeneric" "initialize" "<Anonymous>" ".local" "raster" "standardGeneric" "raster" ".rasterFromGDAL" "doTryCatch" "tryCatchOne" "tryCatchList" "tryCatch" "try" ".rasterObjectFromFile" ".local" "raster" "standardGeneric" "raster" ".local" "stack" "standardGeneric" "stack" ".local" "stack" "standardGeneric" "stack" ".worldclim" "getData" "eval" "eval" "withVisible" "source" 
"<Anonymous>" "validityMethod" "anyStrings" "validObject" "initialize" "standardGeneric" "initialize" "<Anonymous>" ".local" "raster" "standardGeneric" "raster" ".rasterFromGDAL" "doTryCatch" "tryCatchOne" "tryCatchList" "tryCatch" "try" ".rasterObjectFromFile" ".local" "raster" "standardGeneric" "raster" ".local" "stack" "standardGeneric" "stack" ".local" "stack" "standardGeneric" "stack" ".worldclim" "getData" "eval" "eval" "withVisible" "source" 
"normalizePath" ".local" "initialize" "standardGeneric" "initialize" "new" "<Anonymous>" ".rasterFromGDAL" "doTryCatch" "tryCatchOne" "tryCatchList" "tryCatch" "try" ".rasterObjectFromFile" ".local" "raster" "standardGeneric" "raster" ".local" "stack" "standardGeneric" "stack" ".local" "stack" "standardGeneric" "stack" ".worldclim" "getData" "eval" "eval" "withVisible" "source" 
"<Anonymous>" ".local" "extent" "standardGeneric" "extent" "standardGeneric" "all.equal" "isTRUE" "compareRaster" "addLayer" "standardGeneric" "addLayer" ".local" "stack" "standardGeneric" "stack" ".local" "stack" "standardGeneric" "stack" ".worldclim" "getData" "eval" "eval" "withVisible" "source" 
"lapply" "unlist" "order" "attr.all.equal" "all.equal.character" "all.equal" "all.equal.list" "all.equal" "attr.all.equal" "all.equal.default" "all.equal" "standardGeneric" "all.equal" "isTRUE" "compareRaster" "addLayer" "standardGeneric" "addLayer" ".local" "stack" "standardGeneric" "stack" ".local" "stack" "standardGeneric" "stack" ".worldclim" "getData" "eval" "eval" "withVisible" "source" 
"data.frame" "<Anonymous>" "doTryCatch" "tryCatchOne" "tryCatchList" "tryCatch" "try" ".rasterFromGDAL" "doTryCatch" "tryCatchOne" "tryCatchList" "tryCatch" "try" ".rasterObjectFromFile" ".local" "raster" "standardGeneric" "raster" ".local" "stack" "standardGeneric" "stack" ".local" "stack" "standardGeneric" "stack" ".worldclim" "getData" "eval" "eval" "withVisible" "source" 
"make.unique" "make.names" "data.frame" "<Anonymous>" "doTryCatch" "tryCatchOne" "tryCatchList" "tryCatch" "try" ".rasterFromGDAL" "doTryCatch" "tryCatchOne" "tryCatchList" "tryCatch" "try" ".rasterObjectFromFile" ".local" "raster" "standardGeneric" "raster" ".local" "stack" "standardGeneric" "stack" ".local" "stack" "standardGeneric" "stack" ".worldclim" "getData" "eval" "eval" "withVisible" "source" 
"deparse" "<Anonymous>" "tryCatchOne" "tryCatchList" "tryCatch" "try" ".rasterFromGDAL" "doTryCatch" "tryCatchOne" "tryCatchList" "tryCatch" "try" ".rasterObjectFromFile" ".local" "raster" "standardGeneric" "raster" ".local" "stack" "standardGeneric" "stack" ".local" "stack" "standardGeneric" "stack" ".worldclim" "getData" "eval" "eval" "withVisible" "source" 
"slot<-" "initialize" "standardGeneric" "initialize" "<Anonymous>" ".local" "raster" "standardGeneric" "raster" ".rasterFromGDAL" "doTryCatch" "tryCatchOne" "tryCatchList" "tryCatch" "try" ".rasterObjectFromFile" ".local" "raster" "standardGeneric" "raster" ".local" "stack" "standardGeneric" "stack" ".local" "stack" "standardGeneric" "stack" ".worldclim" "getData" "eval" "eval" "withVisible" "source" 
"unique" "standardGeneric" "unique" ".rasterFromGDAL" "doTryCatch" "tryCatchOne" "tryCatchList" "tryCatch" "try" ".rasterObjectFromFile" ".local" "raster" "standardGeneric" "raster" ".local" "stack" "standardGeneric" "stack" ".local" "stack" "standardGeneric" "stack" ".worldclim" "getData" "eval" "eval" "withVisible" "source" 
"length" "data.frame" "cbind" "cbind" "<Anonymous>" "doTryCatch" "tryCatchOne" "tryCatchList" "tryCatch" "try" ".rasterFromGDAL" "doTryCatch" "tryCatchOne" "tryCatchList" "tryCatch" "try" ".rasterObjectFromFile" ".local" "raster" "standardGeneric" "raster" ".local" "stack" "standardGeneric" "stack" ".local" "stack" "standardGeneric" "stack" ".worldclim" "getData" "eval" "eval" "withVisible" "source" 
"rev" "validObject" "initialize" "standardGeneric" "initialize" "new" "CRS" ".local" "raster" "standardGeneric" "raster" ".rasterFromGDAL" "doTryCatch" "tryCatchOne" "tryCatchList" "tryCatch" "try" ".rasterObjectFromFile" ".local" "raster" "standardGeneric" "raster" ".local" "stack" "standardGeneric" "stack" ".local" "stack" "standardGeneric" "stack" ".worldclim" "getData" "eval" "eval" "withVisible" "source" 
"c" "<Anonymous>" ".local" "extent" "standardGeneric" "extent" "<Anonymous>" "validityMethod" "anyStrings" "validObject" "initialize" "standardGeneric" "initialize" "<Anonymous>" ".local" "raster" "standardGeneric" "raster" ".rasterFromGDAL" "doTryCatch" "tryCatchOne" "tryCatchList" "tryCatch" "try" ".rasterObjectFromFile" ".local" "raster" "standardGeneric" "raster" ".local" "stack" "standardGeneric" "stack" ".local" "stack" "standardGeneric" "stack" ".worldclim" "getData" "eval" "eval" "withVisible" "source" 
"tryCatchOne" "tryCatchList" "tryCatch" "try" "validObject" "initialize" "standardGeneric" "initialize" "<Anonymous>" ".local" "raster" "standardGeneric" "raster" ".rasterFromGDAL" "doTryCatch" "tryCatchOne" "tryCatchList" "tryCatch" "try" ".rasterObjectFromFile" ".local" "raster" "standardGeneric" "raster" ".local" "stack" "standardGeneric" "stack" ".local" "stack" "standardGeneric" "stack" ".worldclim" "getData" "eval" "eval" "withVisible" "source" 
"doTryCatch" "tryCatchOne" "tryCatchList" "tryCatch" "try" "validObject" "initialize" "standardGeneric" "initialize" "<Anonymous>" ".local" "raster" "standardGeneric" "raster" ".rasterFromGDAL" "doTryCatch" "tryCatchOne" "tryCatchList" "tryCatch" "try" ".rasterObjectFromFile" ".local" "raster" "standardGeneric" "raster" ".local" "stack" "standardGeneric" "stack" ".local" "stack" "standardGeneric" "stack" ".worldclim" "getData" "eval" "eval" "withVisible" "source" 
"attr.all.equal" "all.equal.default" "all.equal" "standardGeneric" "all.equal" "isTRUE" "compareRaster" "addLayer" "standardGeneric" "addLayer" ".local" "stack" "standardGeneric" "stack" ".local" "stack" "standardGeneric" "stack" ".worldclim" "getData" "eval" "eval" "withVisible" "source" 
".getClassFromCache" "getClassDef" "<Anonymous>" ".local" "extent" "standardGeneric" "extent" "standardGeneric" "all.equal" "isTRUE" "compareRaster" "addLayer" "standardGeneric" "addLayer" ".local" "stack" "standardGeneric" "stack" ".local" "stack" "standardGeneric" "stack" ".worldclim" "getData" "eval" "eval" "withVisible" "source" 
"@<-" ".clearFile" "dim<-" "dim<-" "dim<-" ".local" "aggregate" "standardGeneric" "aggregate" "eval" "eval" "withVisible" "source" 
"array" "<Anonymous>" ".readRasterLayerValues" ".local" "getValuesBlock" "standardGeneric" "getValuesBlock" ".local" "aggregate" "standardGeneric" "aggregate" "eval" "eval" "withVisible" "source" 
".Call" "<Anonymous>" ".readRasterLayerValues" ".local" "getValuesBlock" "standardGeneric" "getValuesBlock" ".local" "aggregate" "standardGeneric" "aggregate" "eval" "eval" "withVisible" "source" 
"<Anonymous>" ".readRasterLayerValues" ".local" "getValuesBlock" "standardGeneric" "getValuesBlock" ".local" "aggregate" "standardGeneric" "aggregate" "eval" "eval" "withVisible" "source" 
"<Anonymous>" ".readRasterLayerValues" ".local" "getValuesBlock" "standardGeneric" "getValuesBlock" ".local" "aggregate" "standardGeneric" "aggregate" "eval" "eval" "withVisible" "source" 
"gc" "<Anonymous>" "standardGeneric" "<Anonymous>" ".readRasterLayerValues" ".local" "getValuesBlock" "standardGeneric" "getValuesBlock" ".local" "aggregate" "standardGeneric" "aggregate" "eval" "eval" "withVisible" "source" 
"gc" "<Anonymous>" "standardGeneric" "<Anonymous>" ".readRasterLayerValues" ".local" "getValuesBlock" "standardGeneric" "getValuesBlock" ".local" "aggregate" "standardGeneric" "aggregate" "eval" "eval" "withVisible" "source" 
"gc" "<Anonymous>" "standardGeneric" "<Anonymous>" ".readRasterLayerValues" ".local" "getValuesBlock" "standardGeneric" "getValuesBlock" ".local" "aggregate" "standardGeneric" "aggregate" "eval" "eval" "withVisible" "source" 
"gc" "<Anonymous>" "standardGeneric" "<Anonymous>" ".readRasterLayerValues" ".local" "getValuesBlock" "standardGeneric" "getValuesBlock" ".local" "aggregate" "standardGeneric" "aggregate" "eval" "eval" "withVisible" "source" 
"gc" "<Anonymous>" "standardGeneric" "<Anonymous>" ".readRasterLayerValues" ".local" "getValuesBlock" "standardGeneric" "getValuesBlock" ".local" "aggregate" "standardGeneric" "aggregate" "eval" "eval" "withVisible" "source" 
"gc" "<Anonymous>" "standardGeneric" "<Anonymous>" ".readRasterLayerValues" ".local" "getValuesBlock" "standardGeneric" "getValuesBlock" ".local" "aggregate" "standardGeneric" "aggregate" "eval" "eval" "withVisible" "source" 
"gc" "<Anonymous>" "standardGeneric" "<Anonymous>" ".readRasterLayerValues" ".local" "getValuesBlock" "standardGeneric" "getValuesBlock" ".local" "aggregate" "standardGeneric" "aggregate" "eval" "eval" "withVisible" "source" 
"gc" "<Anonymous>" "standardGeneric" "<Anonymous>" ".readRasterLayerValues" ".local" "getValuesBlock" "standardGeneric" "getValuesBlock" ".local" "aggregate" "standardGeneric" "aggregate" "eval" "eval" "withVisible" "source" 
"gc" "<Anonymous>" "standardGeneric" "<Anonymous>" ".readRasterLayerValues" ".local" "getValuesBlock" "standardGeneric" "getValuesBlock" ".local" "aggregate" "standardGeneric" "aggregate" "eval" "eval" "withVisible" "source" 
"gc" "<Anonymous>" "standardGeneric" "<Anonymous>" ".readRasterLayerValues" ".local" "getValuesBlock" "standardGeneric" "getValuesBlock" ".local" "aggregate" "standardGeneric" "aggregate" "eval" "eval" "withVisible" "source" 
"gc" "<Anonymous>" "standardGeneric" "<Anonymous>" ".readRasterLayerValues" ".local" "getValuesBlock" "standardGeneric" "getValuesBlock" ".local" "aggregate" "standardGeneric" "aggregate" "eval" "eval" "withVisible" "source" 
".readRasterLayerValues" ".local" "getValuesBlock" "standardGeneric" "getValuesBlock" ".local" "aggregate" "standardGeneric" "aggregate" "eval" "eval" "withVisible" "source" 
".readRasterLayerValues" ".local" "getValuesBlock" "standardGeneric" "getValuesBlock" ".local" "aggregate" "standardGeneric" "aggregate" "eval" "eval" "withVisible" "source" 
".readRasterLayerValues" ".local" "getValuesBlock" "standardGeneric" "getValuesBlock" ".local" "aggregate" "standardGeneric" "aggregate" "eval" "eval" "withVisible" "source" 
".readRasterLayerValues" ".local" "getValuesBlock" "standardGeneric" "getValuesBlock" ".local" "aggregate" "standardGeneric" "aggregate" "eval" "eval" "withVisible" "source" 
".readRasterLayerValues" ".local" "getValuesBlock" "standardGeneric" "getValuesBlock" ".local" "aggregate" "standardGeneric" "aggregate" "eval" "eval" "withVisible" "source" 
".readRasterLayerValues" ".local" "getValuesBlock" "standardGeneric" "getValuesBlock" ".local" "aggregate" "standardGeneric" "aggregate" "eval" "eval" "withVisible" "source" 
".readRasterLayerValues" ".local" "getValuesBlock" "standardGeneric" "getValuesBlock" ".local" "aggregate" "standardGeneric" "aggregate" "eval" "eval" "withVisible" "source" 
".readRasterLayerValues" ".local" "getValuesBlock" "standardGeneric" "getValuesBlock" ".local" "aggregate" "standardGeneric" "aggregate" "eval" "eval" "withVisible" "source" 
".Call" "setValues" "standardGeneric" "setValues" ".local" "aggregate" "standardGeneric" "aggregate" "eval" "eval" "withVisible" "source" 
".Call" "setValues" "standardGeneric" "setValues" ".local" "aggregate" "standardGeneric" "aggregate" "eval" "eval" "withVisible" "source" 
".Call" "setValues" "standardGeneric" "setValues" ".local" "aggregate" "standardGeneric" "aggregate" "eval" "eval" "withVisible" "source" 
".Call" "setValues" "standardGeneric" "setValues" ".local" "aggregate" "standardGeneric" "aggregate" "eval" "eval" "withVisible" "source" 
".Call" "setValues" "standardGeneric" "setValues" ".local" "aggregate" "standardGeneric" "aggregate" "eval" "eval" "withVisible" "source" 
".Call" "setValues" "standardGeneric" "setValues" ".local" "aggregate" "standardGeneric" "aggregate" "eval" "eval" "withVisible" "source" 
".Call" "setValues" "standardGeneric" "setValues" ".local" "aggregate" "standardGeneric" "aggregate" "eval" "eval" "withVisible" "source" 
".Call" "setValues" "standardGeneric" "setValues" ".local" "aggregate" "standardGeneric" "aggregate" "eval" "eval" "withVisible" "source" 
".Call" "setValues" "standardGeneric" "setValues" ".local" "aggregate" "standardGeneric" "aggregate" "eval" "eval" "withVisible" "source" 
".Call" "setValues" "standardGeneric" "setValues" ".local" "aggregate" "standardGeneric" "aggregate" "eval" "eval" "withVisible" "source" 
"max" "setMinMax" "standardGeneric" "setMinMax" "setValues" "standardGeneric" "setValues" ".local" "aggregate" "standardGeneric" "aggregate" "eval" "eval" "withVisible" "source" 
"load" "data" "getMap" "eval" "eval" "withVisible" "source" 
".identC" "possibleExtends" "validObject" "initialize" "standardGeneric" "initialize" "<Anonymous>" ".local" "raster" "standardGeneric" "raster" ".local" "raster" "standardGeneric" "raster" ".local" "raster" "standardGeneric" "raster" ".copyWithProperties" ".local" "crop" "standardGeneric" "crop" "eval" "eval" "withVisible" "source" 
"min" "setMinMax" "standardGeneric" "setMinMax" "setValues" "standardGeneric" "setValues" ".local" "crop" "standardGeneric" "crop" "eval" "eval" "withVisible" "source" 
".getNamespaceInfo" "getExportedValue" "::" "rev" "FUN" "apply" ".polygonsToRaster" ".local" "rasterize" "standardGeneric" "rasterize" ".local" "mask" "standardGeneric" "mask" "eval" "eval" "withVisible" "source" 
"tryCatch" "try" "isTRUE" "rotated" "res" "standardGeneric" "res" ".local" "extent" "standardGeneric" "extent" "xmin" "standardGeneric" "xmin" "rightColFromX" ".polygonsToRaster" ".local" "rasterize" "standardGeneric" "rasterize" ".local" "mask" "standardGeneric" "mask" "eval" "eval" "withVisible" "source" 
"<Anonymous>" "rev" "FUN" "apply" ".polygonsToRaster" ".local" "rasterize" "standardGeneric" "rasterize" ".local" "mask" "standardGeneric" "mask" "eval" "eval" "withVisible" "source" 
"apply" ".polygonsToRaster" ".local" "rasterize" "standardGeneric" "rasterize" ".local" "mask" "standardGeneric" "mask" "eval" "eval" "withVisible" "source" 
"asNamespace" "getExportedValue" "::" "extent" "standardGeneric" "extent" ".local" "extent" "standardGeneric" "extent" "xmin" "standardGeneric" "xmin" "rightColFromX" ".polygonsToRaster" ".local" "rasterize" "standardGeneric" "rasterize" ".local" "mask" "standardGeneric" "mask" "eval" "eval" "withVisible" "source" 
"rev" "FUN" "apply" ".polygonsToRaster" ".local" "rasterize" "standardGeneric" "rasterize" ".local" "mask" "standardGeneric" "mask" "eval" "eval" "withVisible" "source" 
"apply" ".polygonsToRaster" ".local" "rasterize" "standardGeneric" "rasterize" ".local" "mask" "standardGeneric" "mask" "eval" "eval" "withVisible" "source" 
"tryCatchOne" "tryCatchList" "tryCatch" "try" "isTRUE" "rotated" "xres" "standardGeneric" "xres" "rightColFromX" ".polygonsToRaster" ".local" "rasterize" "standardGeneric" "rasterize" ".local" "mask" "standardGeneric" "mask" "eval" "eval" "withVisible" "source" 
"<Anonymous>" "rev" "FUN" "apply" ".polygonsToRaster" ".local" "rasterize" "standardGeneric" "rasterize" ".local" "mask" "standardGeneric" "mask" "eval" "eval" "withVisible" "source" 
".intersectSegments" ".intersectLinePolygon" ".polygonsToRaster" ".local" "rasterize" "standardGeneric" "rasterize" ".local" "mask" "standardGeneric" "mask" "eval" "eval" "withVisible" "source" 
"<Anonymous>" ".local" "extent" "standardGeneric" "extent" "xmin" "standardGeneric" "xmin" "leftColFromX" ".polygonsToRaster" ".local" "rasterize" "standardGeneric" "rasterize" ".local" "mask" "standardGeneric" "mask" "eval" "eval" "withVisible" "source" 
"FUN" "apply" ".polygonsToRaster" ".local" "rasterize" "standardGeneric" "rasterize" ".local" "mask" "standardGeneric" "mask" "eval" "eval" "withVisible" "source" 
"rev" "FUN" "apply" ".polygonsToRaster" ".local" "rasterize" "standardGeneric" "rasterize" ".local" "mask" "standardGeneric" "mask" "eval" "eval" "withVisible" "source" 
"na.omit.default" "<Anonymous>" "rev" "FUN" "apply" ".polygonsToRaster" ".local" "rasterize" "standardGeneric" "rasterize" ".local" "mask" "standardGeneric" "mask" "eval" "eval" "withVisible" "source" 
"apply" ".polygonsToRaster" ".local" "rasterize" "standardGeneric" "rasterize" ".local" "mask" "standardGeneric" "mask" "eval" "eval" "withVisible" "source" 
"rev.default" "rev" "FUN" "apply" ".polygonsToRaster" ".local" "rasterize" "standardGeneric" "rasterize" ".local" "mask" "standardGeneric" "mask" "eval" "eval" "withVisible" "source" 
"validityMethod" "anyStrings" "<Anonymous>" ".local" "extent" "standardGeneric" "extent" "xmin" "standardGeneric" "xmin" "leftColFromX" ".polygonsToRaster" ".local" "rasterize" "standardGeneric" "rasterize" ".local" "mask" "standardGeneric" "mask" "eval" "eval" "withVisible" "source" 
"sort.list" "sort.int" "sort.default" "sort" ".polygonsToRaster" ".local" "rasterize" "standardGeneric" "rasterize" ".local" "mask" "standardGeneric" "mask" "eval" "eval" "withVisible" "source" 
".getClassFromCache" "getClass" "checkAtAssignment" "extent" "standardGeneric" "extent" ".local" "extent" "standardGeneric" "extent" "xmin" "standardGeneric" "xmin" "leftColFromX" ".polygonsToRaster" ".local" "rasterize" "standardGeneric" "rasterize" ".local" "mask" "standardGeneric" "mask" "eval" "eval" "withVisible" "source" 
"extent" "standardGeneric" "extent" ".local" "extent" "standardGeneric" "extent" "xmin" "standardGeneric" "xmin" "rightColFromX" ".polygonsToRaster" ".local" "rasterize" "standardGeneric" "rasterize" ".local" "mask" "standardGeneric" "mask" "eval" "eval" "withVisible" "source" 
"tryCatch" "try" "isTRUE" "rotated" "xres" "standardGeneric" "xres" "leftColFromX" ".polygonsToRaster" ".local" "rasterize" "standardGeneric" "rasterize" ".local" "mask" "standardGeneric" "mask" "eval" "eval" "withVisible" "source" 
"rev" "FUN" "apply" ".polygonsToRaster" ".local" "rasterize" "standardGeneric" "rasterize" ".local" "mask" "standardGeneric" "mask" "eval" "eval" "withVisible" "source" 
"na.omit.default" "<Anonymous>" "rev" "FUN" "apply" ".polygonsToRaster" ".local" "rasterize" "standardGeneric" "rasterize" ".local" "mask" "standardGeneric" "mask" "eval" "eval" "withVisible" "source" 
"na.omit.default" "<Anonymous>" "rev" "FUN" "apply" ".polygonsToRaster" ".local" "rasterize" "standardGeneric" "rasterize" ".local" "mask" "standardGeneric" "mask" "eval" "eval" "withVisible" "source" 
"<Anonymous>" "rev" "FUN" "apply" ".polygonsToRaster" ".local" "rasterize" "standardGeneric" "rasterize" ".local" "mask" "standardGeneric" "mask" "eval" "eval" "withVisible" "source" 
"<Anonymous>" "rev" "FUN" "apply" ".polygonsToRaster" ".local" "rasterize" "standardGeneric" "rasterize" ".local" "mask" "standardGeneric" "mask" "eval" "eval" "withVisible" "source" 
"asNamespace" "getExportedValue" "::" "rev" "FUN" "apply" ".polygonsToRaster" ".local" "rasterize" "standardGeneric" "rasterize" ".local" "mask" "standardGeneric" "mask" "eval" "eval" "withVisible" "source" 
"get0" "getExportedValue" "::" "rev" "FUN" "apply" ".polygonsToRaster" ".local" "rasterize" "standardGeneric" "rasterize" ".local" "mask" "standardGeneric" "mask" "eval" "eval" "withVisible" "source" 
"is.na" ".polygonsToRaster" ".local" "rasterize" "standardGeneric" "rasterize" ".local" "mask" "standardGeneric" "mask" "eval" "eval" "withVisible" "source" 
"sort" "unlist" "extent" "standardGeneric" "extent" ".local" "extent" "standardGeneric" "extent" "ymax" "standardGeneric" "ymax" "yFromRow" ".polygonsToRaster" ".local" "rasterize" "standardGeneric" "rasterize" ".local" "mask" "standardGeneric" "mask" "eval" "eval" "withVisible" "source" 
"subset.matrix" "subset" "standardGeneric" "subset" ".intersectLinePolygon" ".polygonsToRaster" ".local" "rasterize" "standardGeneric" "rasterize" ".local" "mask" "standardGeneric" "mask" "eval" "eval" "withVisible" "source" 
"formals" "match.arg" "sort.list" "sort.int" "sort.default" "sort" ".polygonsToRaster" ".local" "rasterize" "standardGeneric" "rasterize" ".local" "mask" "standardGeneric" "mask" "eval" "eval" "withVisible" "source" 
"tryCatchOne" "tryCatchList" "tryCatch" "try" "isTRUE" "rotated" "res" "standardGeneric" "res" ".local" "extent" "standardGeneric" "extent" "xmin" "standardGeneric" "xmin" "leftColFromX" ".polygonsToRaster" ".local" "rasterize" "standardGeneric" "rasterize" ".local" "mask" "standardGeneric" "mask" "eval" "eval" "withVisible" "source" 
"get0" "getExportedValue" "::" "extent" "standardGeneric" "extent" ".local" "extent" "standardGeneric" "extent" "xmin" "standardGeneric" "xmin" "rightColFromX" ".polygonsToRaster" ".local" "rasterize" "standardGeneric" "rasterize" ".local" "mask" "standardGeneric" "mask" "eval" "eval" "withVisible" "source" 
"sort.int" "sort.default" "sort" "standardGeneric" "extent" ".local" "extent" "standardGeneric" "extent" "xmin" "standardGeneric" "xmin" "leftColFromX" ".polygonsToRaster" ".local" "rasterize" "standardGeneric" "rasterize" ".local" "mask" "standardGeneric" "mask" "eval" "eval" "withVisible" "source" 
"standardGeneric" "xres" "leftColFromX" ".polygonsToRaster" ".local" "rasterize" "standardGeneric" "rasterize" ".local" "mask" "standardGeneric" "mask" "eval" "eval" "withVisible" "source" 
"na.omit.default" "<Anonymous>" "rev" "FUN" "apply" ".polygonsToRaster" ".local" "rasterize" "standardGeneric" "rasterize" ".local" "mask" "standardGeneric" "mask" "eval" "eval" "withVisible" "source" 
"sort" ".polygonsToRaster" ".local" "rasterize" "standardGeneric" "rasterize" ".local" "mask" "standardGeneric" "mask" "eval" "eval" "withVisible" "source" 
"initialize" "standardGeneric" "initialize" "<Anonymous>" "extent" "standardGeneric" "extent" ".local" "extent" "standardGeneric" "extent" "xmin" "standardGeneric" "xmin" "leftColFromX" ".polygonsToRaster" ".local" "rasterize" "standardGeneric" "rasterize" ".local" "mask" "standardGeneric" "mask" "eval" "eval" "withVisible" "source" 
"standardGeneric" "extent" ".local" "extent" "standardGeneric" "extent" "xmin" "standardGeneric" "xmin" "leftColFromX" ".polygonsToRaster" ".local" "rasterize" "standardGeneric" "rasterize" ".local" "mask" "standardGeneric" "mask" "eval" "eval" "withVisible" "source" 
"getExportedValue" "::" "rev" "FUN" "apply" ".polygonsToRaster" ".local" "rasterize" "standardGeneric" "rasterize" ".local" "mask" "standardGeneric" "mask" "eval" "eval" "withVisible" "source" 
"length" "sort" "standardGeneric" "extent" ".local" "extent" "standardGeneric" "extent" "xmin" "standardGeneric" "xmin" "rightColFromX" ".polygonsToRaster" ".local" "rasterize" "standardGeneric" "rasterize" ".local" "mask" "standardGeneric" "mask" "eval" "eval" "withVisible" "source" 
"<Anonymous>" "rev" "FUN" "apply" ".polygonsToRaster" ".local" "rasterize" "standardGeneric" "rasterize" ".local" "mask" "standardGeneric" "mask" "eval" "eval" "withVisible" "source" 
"get0" "getExportedValue" "::" "extent" "standardGeneric" "extent" ".local" "extent" "standardGeneric" "extent" "xmin" "standardGeneric" "xmin" "leftColFromX" ".polygonsToRaster" ".local" "rasterize" "standardGeneric" "rasterize" ".local" "mask" "standardGeneric" "mask" "eval" "eval" "withVisible" "source" 
"::" "rev" "FUN" "apply" ".polygonsToRaster" ".local" "rasterize" "standardGeneric" "rasterize" ".local" "mask" "standardGeneric" "mask" "eval" "eval" "withVisible" "source" 
"FUN" "apply" ".polygonsToRaster" ".local" "rasterize" "standardGeneric" "rasterize" ".local" "mask" "standardGeneric" "mask" "eval" "eval" "withVisible" "source" 
"FUN" "apply" ".polygonsToRaster" ".local" "rasterize" "standardGeneric" "rasterize" ".local" "mask" "standardGeneric" "mask" "eval" "eval" "withVisible" "source" 
"apply" ".polygonsToRaster" ".local" "rasterize" "standardGeneric" "rasterize" ".local" "mask" "standardGeneric" "mask" "eval" "eval" "withVisible" "source" 
"getExportedValue" "::" "rev" "FUN" "apply" ".polygonsToRaster" ".local" "rasterize" "standardGeneric" "rasterize" ".local" "mask" "standardGeneric" "mask" "eval" "eval" "withVisible" "source" 
"asNamespace" "getExportedValue" "::" "rev" "FUN" "apply" ".polygonsToRaster" ".local" "rasterize" "standardGeneric" "rasterize" ".local" "mask" "standardGeneric" "mask" "eval" "eval" "withVisible" "source" 
"match" "elNamed" "checkAtAssignment" "extent" "standardGeneric" "extent" ".local" "extent" "standardGeneric" "extent" "xmin" "standardGeneric" "xmin" "rightColFromX" ".polygonsToRaster" ".local" "rasterize" "standardGeneric" "rasterize" ".local" "mask" "standardGeneric" "mask" "eval" "eval" "withVisible" "source" 
"eval" "match.arg" "sort.int" "sort.default" "sort" "unlist" "extent" "standardGeneric" "extent" ".local" "extent" "standardGeneric" "extent" "ymax" "standardGeneric" "ymax" "yFromRow" ".polygonsToRaster" ".local" "rasterize" "standardGeneric" "rasterize" ".local" "mask" "standardGeneric" "mask" "eval" "eval" "withVisible" "source" 
"standardGeneric" "nrow" ".intersectLinePolygon" ".polygonsToRaster" ".local" "rasterize" "standardGeneric" "rasterize" ".local" "mask" "standardGeneric" "mask" "eval" "eval" "withVisible" "source" 
"na.omit.default" "<Anonymous>" "rev" "FUN" "apply" ".polygonsToRaster" ".local" "rasterize" "standardGeneric" "rasterize" ".local" "mask" "standardGeneric" "mask" "eval" "eval" "withVisible" "source" 
"na.omit.default" "<Anonymous>" "rev" "FUN" "apply" ".polygonsToRaster" ".local" "rasterize" "standardGeneric" "rasterize" ".local" "mask" "standardGeneric" "mask" "eval" "eval" "withVisible" "source" 
"get0" "getExportedValue" "::" "rev" "FUN" "apply" ".polygonsToRaster" ".local" "rasterize" "standardGeneric" "rasterize" ".local" "mask" "standardGeneric" "mask" "eval" "eval" "withVisible" "source" 
".getClassFromCache" "getClassDef" "<Anonymous>" ".local" "extent" "standardGeneric" "extent" "xmin" "standardGeneric" "xmin" "leftColFromX" ".polygonsToRaster" ".local" "rasterize" "standardGeneric" "rasterize" ".local" "mask" "standardGeneric" "mask" "eval" "eval" "withVisible" "source" 
"asNamespace" "getExportedValue" "::" "rev" "FUN" "apply" ".polygonsToRaster" ".local" "rasterize" "standardGeneric" "rasterize" ".local" "mask" "standardGeneric" "mask" "eval" "eval" "withVisible" "source" 
"res" "standardGeneric" "res" ".local" "extent" "standardGeneric" "extent" "xmin" "standardGeneric" "xmin" "rightColFromX" ".polygonsToRaster" ".local" "rasterize" "standardGeneric" "rasterize" ".local" "mask" "standardGeneric" "mask" "eval" "eval" "withVisible" "source" 
"sys.parent" "sys.function" "formals" "match.arg" "sort.int" "sort.default" "sort" "standardGeneric" "extent" ".local" "extent" "standardGeneric" "extent" "xmin" "standardGeneric" "xmin" "leftColFromX" ".polygonsToRaster" ".local" "rasterize" "standardGeneric" "rasterize" ".local" "mask" "standardGeneric" "mask" "eval" "eval" "withVisible" "source" 
"is.na" "sort.int" "sort.default" "sort" "unlist" "extent" "standardGeneric" "extent" ".local" "extent" "standardGeneric" "extent" "xmin" "standardGeneric" "xmin" "leftColFromX" ".polygonsToRaster" ".local" "rasterize" "standardGeneric" "rasterize" ".local" "mask" "standardGeneric" "mask" "eval" "eval" "withVisible" "source" 
"environment" "doTryCatch" "tryCatchOne" "tryCatchList" "tryCatch" "try" "<Anonymous>" ".local" "extent" "standardGeneric" "extent" "xmin" "standardGeneric" "xmin" "leftColFromX" ".polygonsToRaster" ".local" "rasterize" "standardGeneric" "rasterize" ".local" "mask" "standardGeneric" "mask" "eval" "eval" "withVisible" "source" 
"doTryCatch" "tryCatchOne" "tryCatchList" "tryCatch" "try" "<Anonymous>" ".local" "extent" "standardGeneric" "extent" "xmin" "standardGeneric" "xmin" "rightColFromX" ".polygonsToRaster" ".local" "rasterize" "standardGeneric" "rasterize" ".local" "mask" "standardGeneric" "mask" "eval" "eval" "withVisible" "source" 
"as.character" "::" "extent" "standardGeneric" "extent" ".local" "extent" "standardGeneric" "extent" "xmin" "standardGeneric" "xmin" "leftColFromX" ".polygonsToRaster" ".local" "rasterize" "standardGeneric" "rasterize" ".local" "mask" "standardGeneric" "mask" "eval" "eval" "withVisible" "source" 
"rev" "FUN" "apply" ".polygonsToRaster" ".local" "rasterize" "standardGeneric" "rasterize" ".local" "mask" "standardGeneric" "mask" "eval" "eval" "withVisible" "source" 
"getClass" "checkAtAssignment" "extent" "standardGeneric" "extent" ".local" "extent" "standardGeneric" "extent" "xmin" "standardGeneric" "xmin" "leftColFromX" ".polygonsToRaster" ".local" "rasterize" "standardGeneric" "rasterize" ".local" "mask" "standardGeneric" "mask" "eval" "eval" "withVisible" "source" 
"asNamespace" "getExportedValue" "::" "rev" "FUN" "apply" ".polygonsToRaster" ".local" "rasterize" "standardGeneric" "rasterize" ".local" "mask" "standardGeneric" "mask" "eval" "eval" "withVisible" "source" 
"na.omit.default" "<Anonymous>" "rev" "FUN" "apply" ".polygonsToRaster" ".local" "rasterize" "standardGeneric" "rasterize" ".local" "mask" "standardGeneric" "mask" "eval" "eval" "withVisible" "source" 
"tryCatchOne" "tryCatchList" "tryCatch" "try" "<Anonymous>" ".local" "extent" "standardGeneric" "extent" "xmin" "standardGeneric" "xmin" "leftColFromX" ".polygonsToRaster" ".local" "rasterize" "standardGeneric" "rasterize" ".local" "mask" "standardGeneric" "mask" "eval" "eval" "withVisible" "source" 
"elNamed" "checkAtAssignment" "extent" "standardGeneric" "extent" ".local" "extent" "standardGeneric" "extent" "xmin" "standardGeneric" "xmin" "leftColFromX" ".polygonsToRaster" ".local" "rasterize" "standardGeneric" "rasterize" ".local" "mask" "standardGeneric" "mask" "eval" "eval" "withVisible" "source" 
"standardGeneric" "rowSums" "which" ".polygonsToRaster" ".local" "rasterize" "standardGeneric" "rasterize" ".local" "mask" "standardGeneric" "mask" "eval" "eval" "withVisible" "source" 
"tryCatchOne" "tryCatchList" "tryCatch" "try" "<Anonymous>" ".local" "extent" "standardGeneric" "extent" "xmin" "standardGeneric" "xmin" "leftColFromX" ".polygonsToRaster" ".local" "rasterize" "standardGeneric" "rasterize" ".local" "mask" "standardGeneric" "mask" "eval" "eval" "withVisible" "source" 
"apply" ".polygonsToRaster" ".local" "rasterize" "standardGeneric" "rasterize" ".local" "mask" "standardGeneric" "mask" "eval" "eval" "withVisible" "source" 
"sort.int" "sort.default" "sort" ".polygonsToRaster" ".local" "rasterize" "standardGeneric" "rasterize" ".local" "mask" "standardGeneric" "mask" "eval" "eval" "withVisible" "source" 
"tryCatch" "try" "<Anonymous>" ".local" "extent" "standardGeneric" "extent" "ymax" "standardGeneric" "ymax" "yFromRow" ".polygonsToRaster" ".local" "rasterize" "standardGeneric" "rasterize" ".local" "mask" "standardGeneric" "mask" "eval" "eval" "withVisible" "source" 
"eval" "match.arg" "sort.int" "sort.default" "sort" "standardGeneric" "extent" ".local" "extent" "standardGeneric" "extent" "xmin" "standardGeneric" "xmin" "leftColFromX" ".polygonsToRaster" ".local" "rasterize" "standardGeneric" "rasterize" ".local" "mask" "standardGeneric" "mask" "eval" "eval" "withVisible" "source" 
"subset" "standardGeneric" "subset" ".intersectLinePolygon" ".polygonsToRaster" ".local" "rasterize" "standardGeneric" "rasterize" ".local" "mask" "standardGeneric" "mask" "eval" "eval" "withVisible" "source" 
"%in%" ".deparseOpts" "deparse" "eval" "match.arg" "sort.int" "sort.default" "sort" "unlist" "extent" "standardGeneric" "extent" ".local" "extent" "standardGeneric" "extent" "xmin" "standardGeneric" "xmin" "rightColFromX" ".polygonsToRaster" ".local" "rasterize" "standardGeneric" "rasterize" ".local" "mask" "standardGeneric" "mask" "eval" "eval" "withVisible" "source" 
"rev" "FUN" "apply" ".polygonsToRaster" ".local" "rasterize" "standardGeneric" "rasterize" ".local" "mask" "standardGeneric" "mask" "eval" "eval" "withVisible" "source" 
"any" ".deparseOpts" "deparse" "eval" "match.arg" "sort.int" "sort.default" "sort" ".polygonsToRaster" ".local" "rasterize" "standardGeneric" "rasterize" ".local" "mask" "standardGeneric" "mask" "eval" "eval" "withVisible" "source" 
"standardGeneric" "xmin" "rightColFromX" ".polygonsToRaster" ".local" "rasterize" "standardGeneric" "rasterize" ".local" "mask" "standardGeneric" "mask" "eval" "eval" "withVisible" "source" 
"match.arg" "sort.int" "sort.default" "sort" "unlist" "extent" "standardGeneric" "extent" ".local" "extent" "standardGeneric" "extent" "ymax" "standardGeneric" "ymax" "yFromRow" ".polygonsToRaster" ".local" "rasterize" "standardGeneric" "rasterize" ".local" "mask" "standardGeneric" "mask" "eval" "eval" "withVisible" "source" 
"is.na" ".local" "mask" "standardGeneric" "mask" ".local" "mask" "standardGeneric" "mask" "eval" "eval" "withVisible" "source" 
